<!DOCTYPE html>

<html>
  <head>
  <meta charset='utf-8'>
  <title>TestNG reports</title>

    <link type="text/css" href="testng-reports1.css" rel="stylesheet" id="ultra" />
    <link type="text/css" href="testng-reports.css" rel="stylesheet" id="retro" disabled="false"/>
    <script type="text/javascript" src="jquery-3.6.0.min.js"></script>
    <script type="text/javascript" src="testng-reports.js"></script>
    <script type="text/javascript" src="https://www.google.com/jsapi"></script>
    <script type='text/javascript'>
      google.load('visualization', '1', {packages:['table']});
      google.setOnLoadCallback(drawTable);
      var suiteTableInitFunctions = new Array();
      var suiteTableData = new Array();
    </script>
    <!--
      <script type="text/javascript" src="jquery-ui/js/jquery-ui-1.8.16.custom.min.js"></script>
     -->
  </head>

  <body>    <div class="top-banner-root">
      <span class="top-banner-title-font">Test results</span>
      <button id="button" class="button">Switch Retro Theme</button> <!-- button -->
      <br/>
      <span class="top-banner-font-1">1 suite, 13 failed tests</span>
    </div> <!-- top-banner-root -->
    <div class="navigator-root">
      <div class="navigator-suite-header">
        <span>All suites</span>
        <a href="#" title="Collapse/expand all the suites" class="collapse-all-link">
          <img src="collapseall.gif" class="collapse-all-icon">
          </img> <!-- collapse-all-icon -->
        </a> <!-- collapse-all-link -->
      </div> <!-- navigator-suite-header -->
      <div class="suite">
        <div class="rounded-window">
          <div class="suite-header light-rounded-window-top">
            <a href="#" panel-name="suite-Default_suite" class="navigator-link">
              <span class="suite-name border-failed">Default suite</span>
            </a> <!-- navigator-link -->
          </div> <!-- suite-header light-rounded-window-top -->
          <div class="navigator-suite-content">
            <div class="suite-section-title">
              <span>Info</span>
            </div> <!-- suite-section-title -->
            <div class="suite-section-content">
              <ul>
                <li>
                  <a href="#" panel-name="test-xml-Default_suite" class="navigator-link ">
                    <span>C:\Users\theod\AppData\Local\Temp\testng-eclipse--559133153\testng-customsuite.xml</span>
                  </a> <!-- navigator-link  -->
                </li>
                <li>
                  <a href="#" panel-name="testlist-Default_suite" class="navigator-link ">
                    <span class="test-stats">1 test</span>
                  </a> <!-- navigator-link  -->
                </li>
                <li>
                  <a href="#" panel-name="group-Default_suite" class="navigator-link ">
                    <span>0 groups</span>
                  </a> <!-- navigator-link  -->
                </li>
                <li>
                  <a href="#" panel-name="times-Default_suite" class="navigator-link ">
                    <span>Times</span>
                  </a> <!-- navigator-link  -->
                </li>
                <li>
                  <a href="#" panel-name="reporter-Default_suite" class="navigator-link ">
                    <span>Reporter output</span>
                  </a> <!-- navigator-link  -->
                </li>
                <li>
                  <a href="#" panel-name="ignored-methods-Default_suite" class="navigator-link ">
                    <span>Ignored methods</span>
                  </a> <!-- navigator-link  -->
                </li>
                <li>
                  <a href="#" panel-name="chronological-Default_suite" class="navigator-link ">
                    <span>Chronological view</span>
                  </a> <!-- navigator-link  -->
                </li>
              </ul>
            </div> <!-- suite-section-content -->
            <div class="result-section">
              <div class="suite-section-title">
                <span>Results</span>
              </div> <!-- suite-section-title -->
              <div class="suite-section-content">
                <ul>
                  <li>
                    <span class="method-stats">130 methods, 13 failed,   117 passed</span>
                  </li>
                  <li>
                    <span class="method-list-title failed">Failed methods</span>
                    <span class="show-or-hide-methods failed">
                      <a href="#" panel-name="suite-Default_suite" class="hide-methods failed suite-Default_suite"> (hide)</a> <!-- hide-methods failed suite-Default_suite -->
                      <a href="#" panel-name="suite-Default_suite" class="show-methods failed suite-Default_suite"> (show)</a> <!-- show-methods failed suite-Default_suite -->
                    </span>
                    <div class="method-list-content failed suite-Default_suite">
                      <span>
                        <img src="failed.png" width="3%"/>
                        <a href="#" panel-name="suite-Default_suite" title="com.utils.shared.util.FileUtilTest" class="method navigator-link" hash-for-method="testCreateDirectoryStructure">testCreateDirectoryStructure</a> <!-- method navigator-link -->
                      </span>
                      <br/>
                      <span>
                        <img src="failed.png" width="3%"/>
                        <a href="#" panel-name="suite-Default_suite" title="com.utils.shared.util.FileUtilTest" class="method navigator-link" hash-for-method="testFindFilesByExtension">testFindFilesByExtension</a> <!-- method navigator-link -->
                      </span>
                      <br/>
                      <span>
                        <img src="failed.png" width="3%"/>
                        <a href="#" panel-name="suite-Default_suite" title="com.utils.shared.util.JsonUtilTest" class="method navigator-link" hash-for-method="testFromJson_InvalidJson_ReturnsNull">testFromJson_InvalidJson_ReturnsNull</a> <!-- method navigator-link -->
                      </span>
                      <br/>
                      <span>
                        <img src="failed.png" width="3%"/>
                        <a href="#" panel-name="suite-Default_suite" title="com.utils.shared.util.JsonUtilTest" class="method navigator-link" hash-for-method="testFromJson_JsonArray_ReturnsArrayObject">testFromJson_JsonArray_ReturnsArrayObject</a> <!-- method navigator-link -->
                      </span>
                      <br/>
                      <span>
                        <img src="failed.png" width="3%"/>
                        <a href="#" panel-name="suite-Default_suite" title="com.utils.shared.util.JsonUtilTest" class="method navigator-link" hash-for-method="testFromJson_JsonBoolean_ReturnsBooleanObject">testFromJson_JsonBoolean_ReturnsBooleanObject</a> <!-- method navigator-link -->
                      </span>
                      <br/>
                      <span>
                        <img src="failed.png" width="3%"/>
                        <a href="#" panel-name="suite-Default_suite" title="com.utils.shared.util.JsonUtilTest" class="method navigator-link" hash-for-method="testFromJson_JsonCollection_ReturnsCollectionObject">testFromJson_JsonCollection_ReturnsCollectionObject</a> <!-- method navigator-link -->
                      </span>
                      <br/>
                      <span>
                        <img src="failed.png" width="3%"/>
                        <a href="#" panel-name="suite-Default_suite" title="com.utils.shared.util.JsonUtilTest" class="method navigator-link" hash-for-method="testFromJson_JsonNumber_ReturnsNumberObject">testFromJson_JsonNumber_ReturnsNumberObject</a> <!-- method navigator-link -->
                      </span>
                      <br/>
                      <span>
                        <img src="failed.png" width="3%"/>
                        <a href="#" panel-name="suite-Default_suite" title="com.utils.shared.util.JsonUtilTest" class="method navigator-link" hash-for-method="testFromJson_JsonObject_ReturnsMapObject">testFromJson_JsonObject_ReturnsMapObject</a> <!-- method navigator-link -->
                      </span>
                      <br/>
                      <span>
                        <img src="failed.png" width="3%"/>
                        <a href="#" panel-name="suite-Default_suite" title="com.utils.shared.util.JsonUtilTest" class="method navigator-link" hash-for-method="testFromJson_JsonString_ReturnsStringObject">testFromJson_JsonString_ReturnsStringObject</a> <!-- method navigator-link -->
                      </span>
                      <br/>
                      <span>
                        <img src="failed.png" width="3%"/>
                        <a href="#" panel-name="suite-Default_suite" title="com.utils.shared.util.FileUtilTest" class="method navigator-link" hash-for-method="testGetDirectorySize">testGetDirectorySize</a> <!-- method navigator-link -->
                      </span>
                      <br/>
                      <span>
                        <img src="failed.png" width="3%"/>
                        <a href="#" panel-name="suite-Default_suite" title="com.utils.shared.util.FileUtilTest" class="method navigator-link" hash-for-method="testListFilesInDirectory">testListFilesInDirectory</a> <!-- method navigator-link -->
                      </span>
                      <br/>
                      <span>
                        <img src="failed.png" width="3%"/>
                        <a href="#" panel-name="suite-Default_suite" title="com.utils.shared.util.FileUtilTest" class="method navigator-link" hash-for-method="testReadFileAsString">testReadFileAsString</a> <!-- method navigator-link -->
                      </span>
                      <br/>
                      <span>
                        <img src="failed.png" width="3%"/>
                        <a href="#" panel-name="suite-Default_suite" title="com.utils.shared.util.FileUtilTest" class="method navigator-link" hash-for-method="testWriteStringToFile">testWriteStringToFile</a> <!-- method navigator-link -->
                      </span>
                      <br/>
                    </div> <!-- method-list-content failed suite-Default_suite -->
                  </li>
                  <li>
                    <span class="method-list-title passed">Passed methods</span>
                    <span class="show-or-hide-methods passed">
                      <a href="#" panel-name="suite-Default_suite" class="hide-methods passed suite-Default_suite"> (hide)</a> <!-- hide-methods passed suite-Default_suite -->
                      <a href="#" panel-name="suite-Default_suite" class="show-methods passed suite-Default_suite"> (show)</a> <!-- show-methods passed suite-Default_suite -->
                    </span>
                    <div class="method-list-content passed suite-Default_suite">
                      <span>
                        <img src="passed.png" width="3%"/>
                        <a href="#" panel-name="suite-Default_suite" title="com.utils.shared.util.DateUtilTest" class="method navigator-link" hash-for-method="testAddDays">testAddDays</a> <!-- method navigator-link -->
                      </span>
                      <br/>
                      <span>
                        <img src="passed.png" width="3%"/>
                        <a href="#" panel-name="suite-Default_suite" title="com.utils.shared.util.DateUtilTest" class="method navigator-link" hash-for-method="testAreEqualDates">testAreEqualDates</a> <!-- method navigator-link -->
                      </span>
                      <br/>
                      <span>
                        <img src="passed.png" width="3%"/>
                        <a href="#" panel-name="suite-Default_suite" title="com.utils.shared.util.DateUtilTest" class="method navigator-link" hash-for-method="testAreEqualDates_DifferentDates">testAreEqualDates_DifferentDates</a> <!-- method navigator-link -->
                      </span>
                      <br/>
                      <span>
                        <img src="passed.png" width="3%"/>
                        <a href="#" panel-name="suite-Default_suite" title="com.utils.shared.util.DateUtilTest" class="method navigator-link" hash-for-method="testCalculateAge">testCalculateAge</a> <!-- method navigator-link -->
                      </span>
                      <br/>
                      <span>
                        <img src="passed.png" width="3%"/>
                        <a href="#" panel-name="suite-Default_suite" title="com.utils.shared.util.StringUtilTest" class="method navigator-link" hash-for-method="testCapitalizeWithEmptyString">testCapitalizeWithEmptyString</a> <!-- method navigator-link -->
                      </span>
                      <br/>
                      <span>
                        <img src="passed.png" width="3%"/>
                        <a href="#" panel-name="suite-Default_suite" title="com.utils.shared.util.StringUtilTest" class="method navigator-link" hash-for-method="testCapitalizeWithLowercaseCharacter">testCapitalizeWithLowercaseCharacter</a> <!-- method navigator-link -->
                      </span>
                      <br/>
                      <span>
                        <img src="passed.png" width="3%"/>
                        <a href="#" panel-name="suite-Default_suite" title="com.utils.shared.util.StringUtilTest" class="method navigator-link" hash-for-method="testCapitalizeWithLowercaseString">testCapitalizeWithLowercaseString</a> <!-- method navigator-link -->
                      </span>
                      <br/>
                      <span>
                        <img src="passed.png" width="3%"/>
                        <a href="#" panel-name="suite-Default_suite" title="com.utils.shared.util.StringUtilTest" class="method navigator-link" hash-for-method="testCapitalizeWithMultipleWords">testCapitalizeWithMultipleWords</a> <!-- method navigator-link -->
                      </span>
                      <br/>
                      <span>
                        <img src="passed.png" width="3%"/>
                        <a href="#" panel-name="suite-Default_suite" title="com.utils.shared.util.StringUtilTest" class="method navigator-link" hash-for-method="testCapitalizeWithUppercaseString">testCapitalizeWithUppercaseString</a> <!-- method navigator-link -->
                      </span>
                      <br/>
                      <span>
                        <img src="passed.png" width="3%"/>
                        <a href="#" panel-name="suite-Default_suite" title="com.utils.shared.util.ObjectUtilTest" class="method navigator-link" hash-for-method="testCast">testCast</a> <!-- method navigator-link -->
                      </span>
                      <br/>
                      <span>
                        <img src="passed.png" width="3%"/>
                        <a href="#" panel-name="suite-Default_suite" title="com.utils.shared.unit.test.assertions.ObjectComparatorTest" class="method navigator-link" hash-for-method="testCompareObjects">testCompareObjects</a> <!-- method navigator-link -->
                      </span>
                      <br/>
                      <span>
                        <img src="passed.png" width="3%"/>
                        <a href="#" panel-name="suite-Default_suite" title="com.utils.shared.unit.test.assertions.ObjectComparatorTest" class="method navigator-link" hash-for-method="testCompareObjects_Collections">testCompareObjects_Collections</a> <!-- method navigator-link -->
                      </span>
                      <br/>
                      <span>
                        <img src="passed.png" width="3%"/>
                        <a href="#" panel-name="suite-Default_suite" title="com.utils.shared.unit.test.assertions.ObjectComparatorTest" class="method navigator-link" hash-for-method="testCompareObjects_Collections_DifferentElements">testCompareObjects_Collections_DifferentElements</a> <!-- method navigator-link -->
                      </span>
                      <br/>
                      <span>
                        <img src="passed.png" width="3%"/>
                        <a href="#" panel-name="suite-Default_suite" title="com.utils.shared.unit.test.assertions.ObjectComparatorTest" class="method navigator-link" hash-for-method="testCompareObjects_Collections_DifferentSizes">testCompareObjects_Collections_DifferentSizes</a> <!-- method navigator-link -->
                      </span>
                      <br/>
                      <span>
                        <img src="passed.png" width="3%"/>
                        <a href="#" panel-name="suite-Default_suite" title="com.utils.shared.unit.test.assertions.ObjectComparatorTest" class="method navigator-link" hash-for-method="testCompareObjects_Collections_Empty">testCompareObjects_Collections_Empty</a> <!-- method navigator-link -->
                      </span>
                      <br/>
                      <span>
                        <img src="passed.png" width="3%"/>
                        <a href="#" panel-name="suite-Default_suite" title="com.utils.shared.unit.test.assertions.ObjectComparatorTest" class="method navigator-link" hash-for-method="testCompareObjects_Collections_Null">testCompareObjects_Collections_Null</a> <!-- method navigator-link -->
                      </span>
                      <br/>
                      <span>
                        <img src="passed.png" width="3%"/>
                        <a href="#" panel-name="suite-Default_suite" title="com.utils.shared.unit.test.assertions.ObjectComparatorTest" class="method navigator-link" hash-for-method="testCompareObjects_ComplexObjects">testCompareObjects_ComplexObjects</a> <!-- method navigator-link -->
                      </span>
                      <br/>
                      <span>
                        <img src="passed.png" width="3%"/>
                        <a href="#" panel-name="suite-Default_suite" title="com.utils.shared.unit.test.assertions.ObjectComparatorTest" class="method navigator-link" hash-for-method="testCompareObjects_ComplexObjects_DifferentFields">testCompareObjects_ComplexObjects_DifferentFields</a> <!-- method navigator-link -->
                      </span>
                      <br/>
                      <span>
                        <img src="passed.png" width="3%"/>
                        <a href="#" panel-name="suite-Default_suite" title="com.utils.shared.unit.test.assertions.ObjectComparatorTest" class="method navigator-link" hash-for-method="testCompareObjects_ComplexObjects_Null">testCompareObjects_ComplexObjects_Null</a> <!-- method navigator-link -->
                      </span>
                      <br/>
                      <span>
                        <img src="passed.png" width="3%"/>
                        <a href="#" panel-name="suite-Default_suite" title="com.utils.shared.unit.test.assertions.ObjectComparatorTest" class="method navigator-link" hash-for-method="testCompareObjects_DifferentTypes">testCompareObjects_DifferentTypes</a> <!-- method navigator-link -->
                      </span>
                      <br/>
                      <span>
                        <img src="passed.png" width="3%"/>
                        <a href="#" panel-name="suite-Default_suite" title="com.utils.shared.unit.test.assertions.ObjectComparatorTest" class="method navigator-link" hash-for-method="testCompareObjects_ImmutableType">testCompareObjects_ImmutableType</a> <!-- method navigator-link -->
                      </span>
                      <br/>
                      <span>
                        <img src="passed.png" width="3%"/>
                        <a href="#" panel-name="suite-Default_suite" title="com.utils.shared.unit.test.assertions.ObjectComparatorTest" class="method navigator-link" hash-for-method="testCompareObjects_ImmutableType_NotEqual">testCompareObjects_ImmutableType_NotEqual</a> <!-- method navigator-link -->
                      </span>
                      <br/>
                      <span>
                        <img src="passed.png" width="3%"/>
                        <a href="#" panel-name="suite-Default_suite" title="com.utils.shared.unit.test.assertions.ObjectComparatorTest" class="method navigator-link" hash-for-method="testCompareObjects_Null">testCompareObjects_Null</a> <!-- method navigator-link -->
                      </span>
                      <br/>
                      <span>
                        <img src="passed.png" width="3%"/>
                        <a href="#" panel-name="suite-Default_suite" title="com.utils.shared.util.ArrayUtilTest" class="method navigator-link" hash-for-method="testContains_ElementInArray_ReturnsTrue">testContains_ElementInArray_ReturnsTrue</a> <!-- method navigator-link -->
                      </span>
                      <br/>
                      <span>
                        <img src="passed.png" width="3%"/>
                        <a href="#" panel-name="suite-Default_suite" title="com.utils.shared.util.ArrayUtilTest" class="method navigator-link" hash-for-method="testContains_ElementNotInArray_ReturnsFalse">testContains_ElementNotInArray_ReturnsFalse</a> <!-- method navigator-link -->
                      </span>
                      <br/>
                      <span>
                        <img src="passed.png" width="3%"/>
                        <a href="#" panel-name="suite-Default_suite" title="com.utils.shared.util.ArrayUtilTest" class="method navigator-link" hash-for-method="testContains_NullArray_ReturnsFalse">testContains_NullArray_ReturnsFalse</a> <!-- method navigator-link -->
                      </span>
                      <br/>
                      <span>
                        <img src="passed.png" width="3%"/>
                        <a href="#" panel-name="suite-Default_suite" title="com.utils.shared.util.StringUtilTest" class="method navigator-link" hash-for-method="testCountOccurrences_CaseInsensitive_ReturnsCorrectCount">testCountOccurrences_CaseInsensitive_ReturnsCorrectCount</a> <!-- method navigator-link -->
                      </span>
                      <br/>
                      <span>
                        <img src="passed.png" width="3%"/>
                        <a href="#" panel-name="suite-Default_suite" title="com.utils.shared.util.StringUtilTest" class="method navigator-link" hash-for-method="testCountOccurrences_CaseSensitive_ReturnsCorrectCount">testCountOccurrences_CaseSensitive_ReturnsCorrectCount</a> <!-- method navigator-link -->
                      </span>
                      <br/>
                      <span>
                        <img src="passed.png" width="3%"/>
                        <a href="#" panel-name="suite-Default_suite" title="com.utils.shared.util.StringUtilTest" class="method navigator-link" hash-for-method="testCountOccurrences_EmptyString_ReturnsZero">testCountOccurrences_EmptyString_ReturnsZero</a> <!-- method navigator-link -->
                      </span>
                      <br/>
                      <span>
                        <img src="passed.png" width="3%"/>
                        <a href="#" panel-name="suite-Default_suite" title="com.utils.shared.util.StringUtilTest" class="method navigator-link" hash-for-method="testCountOccurrences_EmptySubstring_ReturnsZero">testCountOccurrences_EmptySubstring_ReturnsZero</a> <!-- method navigator-link -->
                      </span>
                      <br/>
                      <span>
                        <img src="passed.png" width="3%"/>
                        <a href="#" panel-name="suite-Default_suite" title="com.utils.shared.util.StringUtilTest" class="method navigator-link" hash-for-method="testCountOccurrences_NullString_ReturnsZero">testCountOccurrences_NullString_ReturnsZero</a> <!-- method navigator-link -->
                      </span>
                      <br/>
                      <span>
                        <img src="passed.png" width="3%"/>
                        <a href="#" panel-name="suite-Default_suite" title="com.utils.shared.util.StringUtilTest" class="method navigator-link" hash-for-method="testCountOccurrences_NullSubstring_ReturnsZero">testCountOccurrences_NullSubstring_ReturnsZero</a> <!-- method navigator-link -->
                      </span>
                      <br/>
                      <span>
                        <img src="passed.png" width="3%"/>
                        <a href="#" panel-name="suite-Default_suite" title="com.utils.shared.util.FileUtilTest" class="method navigator-link" hash-for-method="testCreateDirectoryStructure_invalidRoot">testCreateDirectoryStructure_invalidRoot</a> <!-- method navigator-link -->
                      </span>
                      <br/>
                      <span>
                        <img src="passed.png" width="3%"/>
                        <a href="#" panel-name="suite-Default_suite" title="com.utils.shared.util.ReflectionUtilTest" class="method navigator-link" hash-for-method="testCreateInstance">testCreateInstance</a> <!-- method navigator-link -->
                      </span>
                      <br/>
                      <span>
                        <img src="passed.png" width="3%"/>
                        <a href="#" panel-name="suite-Default_suite" title="com.utils.shared.util.ReflectionUtilTest" class="method navigator-link" hash-for-method="testCreateInstance_privateClass_cannotCreateInstance">testCreateInstance_privateClass_cannotCreateInstance</a> <!-- method navigator-link -->
                      </span>
                      <br/>
                      <span>
                        <img src="passed.png" width="3%"/>
                        <a href="#" panel-name="suite-Default_suite" title="com.utils.shared.util.StringUtilTest" class="method navigator-link" hash-for-method="testDeCapitalizeWithEmptyString">testDeCapitalizeWithEmptyString</a> <!-- method navigator-link -->
                      </span>
                      <br/>
                      <span>
                        <img src="passed.png" width="3%"/>
                        <a href="#" panel-name="suite-Default_suite" title="com.utils.shared.util.StringUtilTest" class="method navigator-link" hash-for-method="testDeCapitalizeWithLowercaseString">testDeCapitalizeWithLowercaseString</a> <!-- method navigator-link -->
                      </span>
                      <br/>
                      <span>
                        <img src="passed.png" width="3%"/>
                        <a href="#" panel-name="suite-Default_suite" title="com.utils.shared.util.StringUtilTest" class="method navigator-link" hash-for-method="testDeCapitalizeWithMultipleWords">testDeCapitalizeWithMultipleWords</a> <!-- method navigator-link -->
                      </span>
                      <br/>
                      <span>
                        <img src="passed.png" width="3%"/>
                        <a href="#" panel-name="suite-Default_suite" title="com.utils.shared.util.StringUtilTest" class="method navigator-link" hash-for-method="testDeCapitalizeWithUppercaseCharacter">testDeCapitalizeWithUppercaseCharacter</a> <!-- method navigator-link -->
                      </span>
                      <br/>
                      <span>
                        <img src="passed.png" width="3%"/>
                        <a href="#" panel-name="suite-Default_suite" title="com.utils.shared.util.StringUtilTest" class="method navigator-link" hash-for-method="testDeCapitalizeWithUppercaseString">testDeCapitalizeWithUppercaseString</a> <!-- method navigator-link -->
                      </span>
                      <br/>
                      <span>
                        <img src="passed.png" width="3%"/>
                        <a href="#" panel-name="suite-Default_suite" title="com.utils.shared.util.ObjectUtilTest" class="method navigator-link" hash-for-method="testDeepCopy">testDeepCopy</a> <!-- method navigator-link -->
                      </span>
                      <br/>
                      <span>
                        <img src="passed.png" width="3%"/>
                        <a href="#" panel-name="suite-Default_suite" title="com.utils.shared.util.ObjectUtilTest" class="method navigator-link" hash-for-method="testEquals">testEquals</a> <!-- method navigator-link -->
                      </span>
                      <br/>
                      <span>
                        <img src="passed.png" width="3%"/>
                        <a href="#" panel-name="suite-Default_suite" title="com.utils.shared.util.StringUtilTest" class="method navigator-link" hash-for-method="testEscape">testEscape</a> <!-- method navigator-link -->
                      </span>
                      <br/>
                      <span>
                        <img src="passed.png" width="3%"/>
                        <a href="#" panel-name="suite-Default_suite" title="com.utils.shared.util.ArrayUtilTest" class="method navigator-link" hash-for-method="testFindMax_EmptyArray_ReturnsNull">testFindMax_EmptyArray_ReturnsNull</a> <!-- method navigator-link -->
                      </span>
                      <br/>
                      <span>
                        <img src="passed.png" width="3%"/>
                        <a href="#" panel-name="suite-Default_suite" title="com.utils.shared.util.ArrayUtilTest" class="method navigator-link" hash-for-method="testFindMax_NonEmptyArray_ReturnsMaxElement">testFindMax_NonEmptyArray_ReturnsMaxElement</a> <!-- method navigator-link -->
                      </span>
                      <br/>
                      <span>
                        <img src="passed.png" width="3%"/>
                        <a href="#" panel-name="suite-Default_suite" title="com.utils.shared.util.ArrayUtilTest" class="method navigator-link" hash-for-method="testFindMax_NullArray_ReturnsNull">testFindMax_NullArray_ReturnsNull</a> <!-- method navigator-link -->
                      </span>
                      <br/>
                      <span>
                        <img src="passed.png" width="3%"/>
                        <a href="#" panel-name="suite-Default_suite" title="com.utils.shared.util.DateUtilTest" class="method navigator-link" hash-for-method="testFormatDate">testFormatDate</a> <!-- method navigator-link -->
                      </span>
                      <br/>
                      <span>
                        <img src="passed.png" width="3%"/>
                        <a href="#" panel-name="suite-Default_suite" title="com.utils.shared.util.DateUtilTest" class="method navigator-link" hash-for-method="testFormatDate_NullDate">testFormatDate_NullDate</a> <!-- method navigator-link -->
                      </span>
                      <br/>
                      <span>
                        <img src="passed.png" width="3%"/>
                        <a href="#" panel-name="suite-Default_suite" title="com.utils.shared.util.JsonUtilTest" class="method navigator-link" hash-for-method="testFromJson_NullJson_ReturnsNull">testFromJson_NullJson_ReturnsNull</a> <!-- method navigator-link -->
                      </span>
                      <br/>
                      <span>
                        <img src="passed.png" width="3%"/>
                        <a href="#" panel-name="suite-Default_suite" title="com.utils.shared.util.DateUtilTest" class="method navigator-link" hash-for-method="testGetDifferenceInDays">testGetDifferenceInDays</a> <!-- method navigator-link -->
                      </span>
                      <br/>
                      <span>
                        <img src="passed.png" width="3%"/>
                        <a href="#" panel-name="suite-Default_suite" title="com.utils.shared.util.FileUtilTest" class="method navigator-link" hash-for-method="testGetDirectorySize_invalidDirectory">testGetDirectorySize_invalidDirectory</a> <!-- method navigator-link -->
                      </span>
                      <br/>
                      <span>
                        <img src="passed.png" width="3%"/>
                        <a href="#" panel-name="suite-Default_suite" title="com.utils.shared.util.ArrayUtilTest" class="method navigator-link" hash-for-method="testGetSubArray_InvalidIndexes_ReturnsNull">testGetSubArray_InvalidIndexes_ReturnsNull</a> <!-- method navigator-link -->
                      </span>
                      <br/>
                      <span>
                        <img src="passed.png" width="3%"/>
                        <a href="#" panel-name="suite-Default_suite" title="com.utils.shared.util.ArrayUtilTest" class="method navigator-link" hash-for-method="testGetSubArray_NullArray_ReturnsNull">testGetSubArray_NullArray_ReturnsNull</a> <!-- method navigator-link -->
                      </span>
                      <br/>
                      <span>
                        <img src="passed.png" width="3%"/>
                        <a href="#" panel-name="suite-Default_suite" title="com.utils.shared.util.ArrayUtilTest" class="method navigator-link" hash-for-method="testGetSubArray_ValidIndexes_ReturnsSubArray">testGetSubArray_ValidIndexes_ReturnsSubArray</a> <!-- method navigator-link -->
                      </span>
                      <br/>
                      <span>
                        <img src="passed.png" width="3%"/>
                        <a href="#" panel-name="suite-Default_suite" title="com.utils.shared.util.ArrayUtilTest" class="method navigator-link" hash-for-method="testIndexOf_ElementInArray_ReturnsCorrectIndex">testIndexOf_ElementInArray_ReturnsCorrectIndex</a> <!-- method navigator-link -->
                      </span>
                      <br/>
                      <span>
                        <img src="passed.png" width="3%"/>
                        <a href="#" panel-name="suite-Default_suite" title="com.utils.shared.util.ArrayUtilTest" class="method navigator-link" hash-for-method="testIndexOf_ElementNotInArray_ReturnsMinusOne">testIndexOf_ElementNotInArray_ReturnsMinusOne</a> <!-- method navigator-link -->
                      </span>
                      <br/>
                      <span>
                        <img src="passed.png" width="3%"/>
                        <a href="#" panel-name="suite-Default_suite" title="com.utils.shared.util.ArrayUtilTest" class="method navigator-link" hash-for-method="testIndexOf_NullArray_ReturnsMinusOne">testIndexOf_NullArray_ReturnsMinusOne</a> <!-- method navigator-link -->
                      </span>
                      <br/>
                      <span>
                        <img src="passed.png" width="3%"/>
                        <a href="#" panel-name="suite-Default_suite" title="com.utils.shared.util.DateUtilTest" class="method navigator-link" hash-for-method="testIsAfter">testIsAfter</a> <!-- method navigator-link -->
                      </span>
                      <br/>
                      <span>
                        <img src="passed.png" width="3%"/>
                        <a href="#" panel-name="suite-Default_suite" title="com.utils.shared.util.DateUtilTest" class="method navigator-link" hash-for-method="testIsAfter_NotAfter">testIsAfter_NotAfter</a> <!-- method navigator-link -->
                      </span>
                      <br/>
                      <span>
                        <img src="passed.png" width="3%"/>
                        <a href="#" panel-name="suite-Default_suite" title="com.utils.shared.util.DateUtilTest" class="method navigator-link" hash-for-method="testIsBefore">testIsBefore</a> <!-- method navigator-link -->
                      </span>
                      <br/>
                      <span>
                        <img src="passed.png" width="3%"/>
                        <a href="#" panel-name="suite-Default_suite" title="com.utils.shared.util.DateUtilTest" class="method navigator-link" hash-for-method="testIsBefore_NotBefore">testIsBefore_NotBefore</a> <!-- method navigator-link -->
                      </span>
                      <br/>
                      <span>
                        <img src="passed.png" width="3%"/>
                        <a href="#" panel-name="suite-Default_suite" title="com.utils.shared.util.ArrayUtilTest" class="method navigator-link" hash-for-method="testIsEmpty_EmptyArray_ReturnsTrue">testIsEmpty_EmptyArray_ReturnsTrue</a> <!-- method navigator-link -->
                      </span>
                      <br/>
                      <span>
                        <img src="passed.png" width="3%"/>
                        <a href="#" panel-name="suite-Default_suite" title="com.utils.shared.util.ArrayUtilTest" class="method navigator-link" hash-for-method="testIsEmpty_NonEmptyArray_ReturnsFalse">testIsEmpty_NonEmptyArray_ReturnsFalse</a> <!-- method navigator-link -->
                      </span>
                      <br/>
                      <span>
                        <img src="passed.png" width="3%"/>
                        <a href="#" panel-name="suite-Default_suite" title="com.utils.shared.util.ArrayUtilTest" class="method navigator-link" hash-for-method="testIsEmpty_NullArray_ReturnsTrue">testIsEmpty_NullArray_ReturnsTrue</a> <!-- method navigator-link -->
                      </span>
                      <br/>
                      <span>
                        <img src="passed.png" width="3%"/>
                        <a href="#" panel-name="suite-Default_suite" title="com.utils.shared.util.ObjectUtilTest" class="method navigator-link" hash-for-method="testIsNotNull">testIsNotNull</a> <!-- method navigator-link -->
                      </span>
                      <br/>
                      <span>
                        <img src="passed.png" width="3%"/>
                        <a href="#" panel-name="suite-Default_suite" title="com.utils.shared.util.StringUtilTest" class="method navigator-link" hash-for-method="testIsNotNullOrEmpty_EmptyString_ReturnsFalse">testIsNotNullOrEmpty_EmptyString_ReturnsFalse</a> <!-- method navigator-link -->
                      </span>
                      <br/>
                      <span>
                        <img src="passed.png" width="3%"/>
                        <a href="#" panel-name="suite-Default_suite" title="com.utils.shared.util.StringUtilTest" class="method navigator-link" hash-for-method="testIsNotNullOrEmpty_NonEmptyString_ReturnsTrue">testIsNotNullOrEmpty_NonEmptyString_ReturnsTrue</a> <!-- method navigator-link -->
                      </span>
                      <br/>
                      <span>
                        <img src="passed.png" width="3%"/>
                        <a href="#" panel-name="suite-Default_suite" title="com.utils.shared.util.StringUtilTest" class="method navigator-link" hash-for-method="testIsNotNullOrEmpty_NullString_ReturnsFalse">testIsNotNullOrEmpty_NullString_ReturnsFalse</a> <!-- method navigator-link -->
                      </span>
                      <br/>
                      <span>
                        <img src="passed.png" width="3%"/>
                        <a href="#" panel-name="suite-Default_suite" title="com.utils.shared.util.ObjectUtilTest" class="method navigator-link" hash-for-method="testIsNull">testIsNull</a> <!-- method navigator-link -->
                      </span>
                      <br/>
                      <span>
                        <img src="passed.png" width="3%"/>
                        <a href="#" panel-name="suite-Default_suite" title="com.utils.shared.util.StringUtilTest" class="method navigator-link" hash-for-method="testIsNullOrEmpty_EmptyString_ReturnsTrue">testIsNullOrEmpty_EmptyString_ReturnsTrue</a> <!-- method navigator-link -->
                      </span>
                      <br/>
                      <span>
                        <img src="passed.png" width="3%"/>
                        <a href="#" panel-name="suite-Default_suite" title="com.utils.shared.util.StringUtilTest" class="method navigator-link" hash-for-method="testIsNullOrEmpty_NonEmptyString_ReturnsFalse">testIsNullOrEmpty_NonEmptyString_ReturnsFalse</a> <!-- method navigator-link -->
                      </span>
                      <br/>
                      <span>
                        <img src="passed.png" width="3%"/>
                        <a href="#" panel-name="suite-Default_suite" title="com.utils.shared.util.StringUtilTest" class="method navigator-link" hash-for-method="testIsNullOrEmpty_NullString_ReturnsTrue">testIsNullOrEmpty_NullString_ReturnsTrue</a> <!-- method navigator-link -->
                      </span>
                      <br/>
                      <span>
                        <img src="passed.png" width="3%"/>
                        <a href="#" panel-name="suite-Default_suite" title="com.utils.shared.util.StringUtilTest" class="method navigator-link" hash-for-method="testIsPalindromeWithEmptyString">testIsPalindromeWithEmptyString</a> <!-- method navigator-link -->
                      </span>
                      <br/>
                      <span>
                        <img src="passed.png" width="3%"/>
                        <a href="#" panel-name="suite-Default_suite" title="com.utils.shared.util.StringUtilTest" class="method navigator-link" hash-for-method="testIsPalindromeWithNonPalindromeString">testIsPalindromeWithNonPalindromeString</a> <!-- method navigator-link -->
                      </span>
                      <br/>
                      <span>
                        <img src="passed.png" width="3%"/>
                        <a href="#" panel-name="suite-Default_suite" title="com.utils.shared.util.StringUtilTest" class="method navigator-link" hash-for-method="testIsPalindromeWithPalindromeString">testIsPalindromeWithPalindromeString</a> <!-- method navigator-link -->
                      </span>
                      <br/>
                      <span>
                        <img src="passed.png" width="3%"/>
                        <a href="#" panel-name="suite-Default_suite" title="com.utils.shared.util.StringUtilTest" class="method navigator-link" hash-for-method="testIsPalindromeWithSingleCharString">testIsPalindromeWithSingleCharString</a> <!-- method navigator-link -->
                      </span>
                      <br/>
                      <span>
                        <img src="passed.png" width="3%"/>
                        <a href="#" panel-name="suite-Default_suite" title="com.utils.shared.util.ArrayUtilTest" class="method navigator-link" hash-for-method="testMerge_NonEmptyArrayWithNullArray_ReturnsNonEmptyArray">testMerge_NonEmptyArrayWithNullArray_ReturnsNonEmptyArray</a> <!-- method navigator-link -->
                      </span>
                      <br/>
                      <span>
                        <img src="passed.png" width="3%"/>
                        <a href="#" panel-name="suite-Default_suite" title="com.utils.shared.util.ArrayUtilTest" class="method navigator-link" hash-for-method="testMerge_NullArrayWithNonEmptyArray_ReturnsNonEmptyArray">testMerge_NullArrayWithNonEmptyArray_ReturnsNonEmptyArray</a> <!-- method navigator-link -->
                      </span>
                      <br/>
                      <span>
                        <img src="passed.png" width="3%"/>
                        <a href="#" panel-name="suite-Default_suite" title="com.utils.shared.util.ArrayUtilTest" class="method navigator-link" hash-for-method="testMerge_NullArrays_ReturnsNull">testMerge_NullArrays_ReturnsNull</a> <!-- method navigator-link -->
                      </span>
                      <br/>
                      <span>
                        <img src="passed.png" width="3%"/>
                        <a href="#" panel-name="suite-Default_suite" title="com.utils.shared.util.ArrayUtilTest" class="method navigator-link" hash-for-method="testMerge_TwoNonEmptyArrays_ReturnsMergedArray">testMerge_TwoNonEmptyArrays_ReturnsMergedArray</a> <!-- method navigator-link -->
                      </span>
                      <br/>
                      <span>
                        <img src="passed.png" width="3%"/>
                        <a href="#" panel-name="suite-Default_suite" title="com.utils.shared.util.DateUtilTest" class="method navigator-link" hash-for-method="testParseDate">testParseDate</a> <!-- method navigator-link -->
                      </span>
                      <br/>
                      <span>
                        <img src="passed.png" width="3%"/>
                        <a href="#" panel-name="suite-Default_suite" title="com.utils.shared.util.DateUtilTest" class="method navigator-link" hash-for-method="testParseDate_InvalidFormat">testParseDate_InvalidFormat</a> <!-- method navigator-link -->
                      </span>
                      <br/>
                      <span>
                        <img src="passed.png" width="3%"/>
                        <a href="#" panel-name="suite-Default_suite" title="com.utils.shared.util.DateUtilTest" class="method navigator-link" hash-for-method="testParseDate_NullDate">testParseDate_NullDate</a> <!-- method navigator-link -->
                      </span>
                      <br/>
                      <span>
                        <img src="passed.png" width="3%"/>
                        <a href="#" panel-name="suite-Default_suite" title="com.utils.shared.unit.test.data.PopulatorTest" class="method navigator-link" hash-for-method="testPopulate_shouldPopulateWithOption">testPopulate_shouldPopulateWithOption</a> <!-- method navigator-link -->
                      </span>
                      <br/>
                      <span>
                        <img src="passed.png" width="3%"/>
                        <a href="#" panel-name="suite-Default_suite" title="com.utils.shared.unit.test.data.PopulatorTest" class="method navigator-link" hash-for-method="testPopulate_shouldPopulateWithoutOption">testPopulate_shouldPopulateWithoutOption</a> <!-- method navigator-link -->
                      </span>
                      <br/>
                      <span>
                        <img src="passed.png" width="3%"/>
                        <a href="#" panel-name="suite-Default_suite" title="com.utils.shared.util.FileUtilTest" class="method navigator-link" hash-for-method="testReadFileAsString_invalidFile">testReadFileAsString_invalidFile</a> <!-- method navigator-link -->
                      </span>
                      <br/>
                      <span>
                        <img src="passed.png" width="3%"/>
                        <a href="#" panel-name="suite-Default_suite" title="com.utils.shared.util.ArrayUtilTest" class="method navigator-link" hash-for-method="testRemoveDuplicates_ArrayWithDuplicates_ReturnsArrayWithoutDuplicates">testRemoveDuplicates_ArrayWithDuplicates_ReturnsArrayWithoutDuplicates</a> <!-- method navigator-link -->
                      </span>
                      <br/>
                      <span>
                        <img src="passed.png" width="3%"/>
                        <a href="#" panel-name="suite-Default_suite" title="com.utils.shared.util.ArrayUtilTest" class="method navigator-link" hash-for-method="testRemoveDuplicates_ArrayWithoutDuplicates_ReturnsSameArray">testRemoveDuplicates_ArrayWithoutDuplicates_ReturnsSameArray</a> <!-- method navigator-link -->
                      </span>
                      <br/>
                      <span>
                        <img src="passed.png" width="3%"/>
                        <a href="#" panel-name="suite-Default_suite" title="com.utils.shared.util.ArrayUtilTest" class="method navigator-link" hash-for-method="testRemoveDuplicates_NullArray_ReturnsNull">testRemoveDuplicates_NullArray_ReturnsNull</a> <!-- method navigator-link -->
                      </span>
                      <br/>
                      <span>
                        <img src="passed.png" width="3%"/>
                        <a href="#" panel-name="suite-Default_suite" title="com.utils.shared.util.ArrayUtilTest" class="method navigator-link" hash-for-method="testRemoveElement_ElementInArray_ReturnsArrayWithoutElement">testRemoveElement_ElementInArray_ReturnsArrayWithoutElement</a> <!-- method navigator-link -->
                      </span>
                      <br/>
                      <span>
                        <img src="passed.png" width="3%"/>
                        <a href="#" panel-name="suite-Default_suite" title="com.utils.shared.util.ArrayUtilTest" class="method navigator-link" hash-for-method="testRemoveElement_ElementNotInArray_ReturnsSameArray">testRemoveElement_ElementNotInArray_ReturnsSameArray</a> <!-- method navigator-link -->
                      </span>
                      <br/>
                      <span>
                        <img src="passed.png" width="3%"/>
                        <a href="#" panel-name="suite-Default_suite" title="com.utils.shared.util.ArrayUtilTest" class="method navigator-link" hash-for-method="testRemoveElement_NullArray_ReturnsNull">testRemoveElement_NullArray_ReturnsNull</a> <!-- method navigator-link -->
                      </span>
                      <br/>
                      <span>
                        <img src="passed.png" width="3%"/>
                        <a href="#" panel-name="suite-Default_suite" title="com.utils.shared.util.StringUtilTest" class="method navigator-link" hash-for-method="testReverse_EmptyString_ReturnsEmptyString">testReverse_EmptyString_ReturnsEmptyString</a> <!-- method navigator-link -->
                      </span>
                      <br/>
                      <span>
                        <img src="passed.png" width="3%"/>
                        <a href="#" panel-name="suite-Default_suite" title="com.utils.shared.util.ArrayUtilTest" class="method navigator-link" hash-for-method="testReverse_NonEmptyArray_ReturnsReversedArray">testReverse_NonEmptyArray_ReturnsReversedArray</a> <!-- method navigator-link -->
                      </span>
                      <br/>
                      <span>
                        <img src="passed.png" width="3%"/>
                        <a href="#" panel-name="suite-Default_suite" title="com.utils.shared.util.StringUtilTest" class="method navigator-link" hash-for-method="testReverse_NormalString_ReturnsReversedString">testReverse_NormalString_ReturnsReversedString</a> <!-- method navigator-link -->
                      </span>
                      <br/>
                      <span>
                        <img src="passed.png" width="3%"/>
                        <a href="#" panel-name="suite-Default_suite" title="com.utils.shared.util.ArrayUtilTest" class="method navigator-link" hash-for-method="testReverse_NullArray_ReturnsNull">testReverse_NullArray_ReturnsNull</a> <!-- method navigator-link -->
                      </span>
                      <br/>
                      <span>
                        <img src="passed.png" width="3%"/>
                        <a href="#" panel-name="suite-Default_suite" title="com.utils.shared.util.StringUtilTest" class="method navigator-link" hash-for-method="testReverse_NullString_ReturnsNull">testReverse_NullString_ReturnsNull</a> <!-- method navigator-link -->
                      </span>
                      <br/>
                      <span>
                        <img src="passed.png" width="3%"/>
                        <a href="#" panel-name="suite-Default_suite" title="com.utils.shared.util.ReflectionUtilTest" class="method navigator-link" hash-for-method="testSetFieldValue_booleanField_setsBooleanValue">testSetFieldValue_booleanField_setsBooleanValue</a> <!-- method navigator-link -->
                      </span>
                      <br/>
                      <span>
                        <img src="passed.png" width="3%"/>
                        <a href="#" panel-name="suite-Default_suite" title="com.utils.shared.util.ReflectionUtilTest" class="method navigator-link" hash-for-method="testSetFieldValue_intField_setsIntValue">testSetFieldValue_intField_setsIntValue</a> <!-- method navigator-link -->
                      </span>
                      <br/>
                      <span>
                        <img src="passed.png" width="3%"/>
                        <a href="#" panel-name="suite-Default_suite" title="com.utils.shared.util.ReflectionUtilTest" class="method navigator-link" hash-for-method="testSetFieldValue_nonExistingField_throwsReflectionException">testSetFieldValue_nonExistingField_throwsReflectionException</a> <!-- method navigator-link -->
                      </span>
                      <br/>
                      <span>
                        <img src="passed.png" width="3%"/>
                        <a href="#" panel-name="suite-Default_suite" title="com.utils.shared.util.ReflectionUtilTest" class="method navigator-link" hash-for-method="testSetFieldValue_stringField_setsStringValue">testSetFieldValue_stringField_setsStringValue</a> <!-- method navigator-link -->
                      </span>
                      <br/>
                      <span>
                        <img src="passed.png" width="3%"/>
                        <a href="#" panel-name="suite-Default_suite" title="com.utils.shared.util.ArrayUtilTest" class="method navigator-link" hash-for-method="testSort_EmptyArray_ReturnsEmptyArray">testSort_EmptyArray_ReturnsEmptyArray</a> <!-- method navigator-link -->
                      </span>
                      <br/>
                      <span>
                        <img src="passed.png" width="3%"/>
                        <a href="#" panel-name="suite-Default_suite" title="com.utils.shared.util.ArrayUtilTest" class="method navigator-link" hash-for-method="testSort_NonEmptyArray_ReturnsSortedArray">testSort_NonEmptyArray_ReturnsSortedArray</a> <!-- method navigator-link -->
                      </span>
                      <br/>
                      <span>
                        <img src="passed.png" width="3%"/>
                        <a href="#" panel-name="suite-Default_suite" title="com.utils.shared.util.ArrayUtilTest" class="method navigator-link" hash-for-method="testSort_NullArray_ReturnsNull">testSort_NullArray_ReturnsNull</a> <!-- method navigator-link -->
                      </span>
                      <br/>
                      <span>
                        <img src="passed.png" width="3%"/>
                        <a href="#" panel-name="suite-Default_suite" title="com.utils.shared.util.StringUtilTest" class="method navigator-link" hash-for-method="testToCharArrayWithEmptyString">testToCharArrayWithEmptyString</a> <!-- method navigator-link -->
                      </span>
                      <br/>
                      <span>
                        <img src="passed.png" width="3%"/>
                        <a href="#" panel-name="suite-Default_suite" title="com.utils.shared.util.StringUtilTest" class="method navigator-link" hash-for-method="testToCharArrayWithNonEmptyString">testToCharArrayWithNonEmptyString</a> <!-- method navigator-link -->
                      </span>
                      <br/>
                      <span>
                        <img src="passed.png" width="3%"/>
                        <a href="#" panel-name="suite-Default_suite" title="com.utils.shared.util.JsonUtilTest" class="method navigator-link" hash-for-method="testToJson_ArrayObject_ReturnsJsonArray">testToJson_ArrayObject_ReturnsJsonArray</a> <!-- method navigator-link -->
                      </span>
                      <br/>
                      <span>
                        <img src="passed.png" width="3%"/>
                        <a href="#" panel-name="suite-Default_suite" title="com.utils.shared.util.JsonUtilTest" class="method navigator-link" hash-for-method="testToJson_BooleanObject_ReturnsJsonBoolean">testToJson_BooleanObject_ReturnsJsonBoolean</a> <!-- method navigator-link -->
                      </span>
                      <br/>
                      <span>
                        <img src="passed.png" width="3%"/>
                        <a href="#" panel-name="suite-Default_suite" title="com.utils.shared.util.JsonUtilTest" class="method navigator-link" hash-for-method="testToJson_CollectionObject_ReturnsJsonArray">testToJson_CollectionObject_ReturnsJsonArray</a> <!-- method navigator-link -->
                      </span>
                      <br/>
                      <span>
                        <img src="passed.png" width="3%"/>
                        <a href="#" panel-name="suite-Default_suite" title="com.utils.shared.util.JsonUtilTest" class="method navigator-link" hash-for-method="testToJson_MapObject_ReturnsJsonObject">testToJson_MapObject_ReturnsJsonObject</a> <!-- method navigator-link -->
                      </span>
                      <br/>
                      <span>
                        <img src="passed.png" width="3%"/>
                        <a href="#" panel-name="suite-Default_suite" title="com.utils.shared.util.JsonUtilTest" class="method navigator-link" hash-for-method="testToJson_NullObject_ReturnsNull">testToJson_NullObject_ReturnsNull</a> <!-- method navigator-link -->
                      </span>
                      <br/>
                      <span>
                        <img src="passed.png" width="3%"/>
                        <a href="#" panel-name="suite-Default_suite" title="com.utils.shared.util.JsonUtilTest" class="method navigator-link" hash-for-method="testToJson_NumberObject_ReturnsJsonNumber">testToJson_NumberObject_ReturnsJsonNumber</a> <!-- method navigator-link -->
                      </span>
                      <br/>
                      <span>
                        <img src="passed.png" width="3%"/>
                        <a href="#" panel-name="suite-Default_suite" title="com.utils.shared.util.JsonUtilTest" class="method navigator-link" hash-for-method="testToJson_StringObject_ReturnsJsonString">testToJson_StringObject_ReturnsJsonString</a> <!-- method navigator-link -->
                      </span>
                      <br/>
                      <span>
                        <img src="passed.png" width="3%"/>
                        <a href="#" panel-name="suite-Default_suite" title="com.utils.shared.util.StringUtilTest" class="method navigator-link" hash-for-method="testTruncate_EmptyString_ReturnsEmptyString">testTruncate_EmptyString_ReturnsEmptyString</a> <!-- method navigator-link -->
                      </span>
                      <br/>
                      <span>
                        <img src="passed.png" width="3%"/>
                        <a href="#" panel-name="suite-Default_suite" title="com.utils.shared.util.StringUtilTest" class="method navigator-link" hash-for-method="testTruncate_LongString_TruncatesAndAddsEllipsis">testTruncate_LongString_TruncatesAndAddsEllipsis</a> <!-- method navigator-link -->
                      </span>
                      <br/>
                      <span>
                        <img src="passed.png" width="3%"/>
                        <a href="#" panel-name="suite-Default_suite" title="com.utils.shared.util.StringUtilTest" class="method navigator-link" hash-for-method="testTruncate_NullString_ReturnsNull">testTruncate_NullString_ReturnsNull</a> <!-- method navigator-link -->
                      </span>
                      <br/>
                      <span>
                        <img src="passed.png" width="3%"/>
                        <a href="#" panel-name="suite-Default_suite" title="com.utils.shared.util.FileUtilTest" class="method navigator-link" hash-for-method="testWriteStringToFile_invalidFile">testWriteStringToFile_invalidFile</a> <!-- method navigator-link -->
                      </span>
                      <br/>
                    </div> <!-- method-list-content passed suite-Default_suite -->
                  </li>
                </ul>
              </div> <!-- suite-section-content -->
            </div> <!-- result-section -->
          </div> <!-- navigator-suite-content -->
        </div> <!-- rounded-window -->
      </div> <!-- suite -->
    </div> <!-- navigator-root -->
    <div class="wrapper">
      <div class="main-panel-root">
        <div panel-name="suite-Default_suite" class="panel Default_suite">
          <div class="suite-Default_suite-class-failed">
            <div class="main-panel-header rounded-window-top">
              <img src="failed.png"/>
              <span class="class-name">com.utils.shared.util.JsonUtilTest</span>
            </div> <!-- main-panel-header rounded-window-top -->
            <div class="main-panel-content rounded-window-bottom">
              <div class="method">
                <div class="method-content">
                  <a name="testFromJson_InvalidJson_ReturnsNull">
                  </a> <!-- testFromJson_InvalidJson_ReturnsNull -->
                  <span class="method-name">testFromJson_InvalidJson_ReturnsNull</span>
                  <div class="stack-trace">java.lang.AssertionError: expected [null] but found
                      [java.lang.Object@79da8dc5]
                      at org.testng.Assert.fail(Assert.java:110)
                      at org.testng.Assert.failNotSame(Assert.java:1573)
                      at org.testng.Assert.assertNull(Assert.java:1506)
                      at org.testng.Assert.assertNull(Assert.java:1494)
                      at com.utils.shared.util.JsonUtilTest.testFromJson_InvalidJson_ReturnsNull(JsonUtilsTest.java:84)
                      at
                      java.base/jdk.internal.reflect.DirectMethodHandleAccessor.invoke(DirectMethodHandleAccessor.java:104)
                      at java.base/java.lang.reflect.Method.invoke(Method.java:578)
                      at
                      org.testng.internal.invokers.MethodInvocationHelper.invokeMethod(MethodInvocationHelper.java:139)
                      at org.testng.internal.invokers.TestInvoker.invokeMethod(TestInvoker.java:677)
                      at org.testng.internal.invokers.TestInvoker.invokeTestMethod(TestInvoker.java:221)
                      at org.testng.internal.invokers.MethodRunner.runInSequence(MethodRunner.java:50)
                      at org.testng.internal.invokers.TestInvoker$MethodInvocationAgent.invoke(TestInvoker.java:969)
                      at org.testng.internal.invokers.TestInvoker.invokeTestMethods(TestInvoker.java:194)
                      at org.testng.internal.invokers.TestMethodWorker.invokeTestMethods(TestMethodWorker.java:148)
                      at org.testng.internal.invokers.TestMethodWorker.run(TestMethodWorker.java:128)
                      at java.base/java.util.ArrayList.forEach(ArrayList.java:1511)
                      at org.testng.TestRunner.privateRun(TestRunner.java:829)
                      at org.testng.TestRunner.run(TestRunner.java:602)
                      at org.testng.SuiteRunner.runTest(SuiteRunner.java:437)
                      at org.testng.SuiteRunner.runSequentially(SuiteRunner.java:431)
                      at org.testng.SuiteRunner.privateRun(SuiteRunner.java:391)
                      at org.testng.SuiteRunner.run(SuiteRunner.java:330)
                      at org.testng.SuiteRunnerWorker.runSuite(SuiteRunnerWorker.java:52)
                      at org.testng.SuiteRunnerWorker.run(SuiteRunnerWorker.java:95)
                      at org.testng.TestNG.runSuitesSequentially(TestNG.java:1256)
                      at org.testng.TestNG.runSuitesLocally(TestNG.java:1176)
                      at org.testng.TestNG.runSuites(TestNG.java:1099)
                      at org.testng.TestNG.run(TestNG.java:1067)
                      at org.testng.remote.AbstractRemoteTestNG.run(AbstractRemoteTestNG.java:115)
                      at org.testng.remote.RemoteTestNG.initAndRun(RemoteTestNG.java:251)
                      at org.testng.remote.RemoteTestNG.main(RemoteTestNG.java:77)

                  </div> <!-- stack-trace -->
                </div> <!-- method-content -->
              </div> <!-- method -->
              <div class="method">
                <div class="method-content">
                  <a name="testFromJson_JsonArray_ReturnsArrayObject">
                  </a> <!-- testFromJson_JsonArray_ReturnsArrayObject -->
                  <span class="method-name">testFromJson_JsonArray_ReturnsArrayObject</span>
                  <div class="stack-trace">java.lang.AssertionError: Arrays not equal: expected: null and actual: [foo,
                      bar, baz]
                      at org.testng.Assert.fail(Assert.java:110)
                      at org.testng.Assert.assertEquals(Assert.java:1761)
                      at org.testng.Assert.assertEquals(Assert.java:1918)
                      at
                      com.utils.shared.util.JsonUtilTest.testFromJson_JsonArray_ReturnsArrayObject(JsonUtilsTest.java:116)
                      at
                      java.base/jdk.internal.reflect.DirectMethodHandleAccessor.invoke(DirectMethodHandleAccessor.java:104)
                      at java.base/java.lang.reflect.Method.invoke(Method.java:578)
                      at
                      org.testng.internal.invokers.MethodInvocationHelper.invokeMethod(MethodInvocationHelper.java:139)
                      at org.testng.internal.invokers.TestInvoker.invokeMethod(TestInvoker.java:677)
                      at org.testng.internal.invokers.TestInvoker.invokeTestMethod(TestInvoker.java:221)
                      at org.testng.internal.invokers.MethodRunner.runInSequence(MethodRunner.java:50)
                      at org.testng.internal.invokers.TestInvoker$MethodInvocationAgent.invoke(TestInvoker.java:969)
                      at org.testng.internal.invokers.TestInvoker.invokeTestMethods(TestInvoker.java:194)
                      at org.testng.internal.invokers.TestMethodWorker.invokeTestMethods(TestMethodWorker.java:148)
                      at org.testng.internal.invokers.TestMethodWorker.run(TestMethodWorker.java:128)
                      at java.base/java.util.ArrayList.forEach(ArrayList.java:1511)
                      at org.testng.TestRunner.privateRun(TestRunner.java:829)
                      at org.testng.TestRunner.run(TestRunner.java:602)
                      at org.testng.SuiteRunner.runTest(SuiteRunner.java:437)
                      at org.testng.SuiteRunner.runSequentially(SuiteRunner.java:431)
                      at org.testng.SuiteRunner.privateRun(SuiteRunner.java:391)
                      at org.testng.SuiteRunner.run(SuiteRunner.java:330)
                      at org.testng.SuiteRunnerWorker.runSuite(SuiteRunnerWorker.java:52)
                      at org.testng.SuiteRunnerWorker.run(SuiteRunnerWorker.java:95)
                      at org.testng.TestNG.runSuitesSequentially(TestNG.java:1256)
                      at org.testng.TestNG.runSuitesLocally(TestNG.java:1176)
                      at org.testng.TestNG.runSuites(TestNG.java:1099)
                      at org.testng.TestNG.run(TestNG.java:1067)
                      at org.testng.remote.AbstractRemoteTestNG.run(AbstractRemoteTestNG.java:115)
                      at org.testng.remote.RemoteTestNG.initAndRun(RemoteTestNG.java:251)
                      at org.testng.remote.RemoteTestNG.main(RemoteTestNG.java:77)

                  </div> <!-- stack-trace -->
                </div> <!-- method-content -->
              </div> <!-- method -->
              <div class="method">
                <div class="method-content">
                  <a name="testFromJson_JsonBoolean_ReturnsBooleanObject">
                  </a> <!-- testFromJson_JsonBoolean_ReturnsBooleanObject -->
                  <span class="method-name">testFromJson_JsonBoolean_ReturnsBooleanObject</span>
                  <div class="stack-trace">java.lang.ClassCastException: Cannot cast java.lang.Boolean to boolean
                      at java.base/java.lang.Class.cast(Class.java:3946)
                      at com.utils.shared.util.JsonUtil.fromJson(JsonUtils.java:209)
                      at com.utils.shared.util.JsonUtil.fromJson(JsonUtils.java:190)
                      at
                      com.utils.shared.util.JsonUtilTest.testFromJson_JsonBoolean_ReturnsBooleanObject(JsonUtilsTest.java:107)
                      at
                      java.base/jdk.internal.reflect.DirectMethodHandleAccessor.invoke(DirectMethodHandleAccessor.java:104)
                      at java.base/java.lang.reflect.Method.invoke(Method.java:578)
                      at
                      org.testng.internal.invokers.MethodInvocationHelper.invokeMethod(MethodInvocationHelper.java:139)
                      at org.testng.internal.invokers.TestInvoker.invokeMethod(TestInvoker.java:677)
                      at org.testng.internal.invokers.TestInvoker.invokeTestMethod(TestInvoker.java:221)
                      at org.testng.internal.invokers.MethodRunner.runInSequence(MethodRunner.java:50)
                      at org.testng.internal.invokers.TestInvoker$MethodInvocationAgent.invoke(TestInvoker.java:969)
                      at org.testng.internal.invokers.TestInvoker.invokeTestMethods(TestInvoker.java:194)
                      at org.testng.internal.invokers.TestMethodWorker.invokeTestMethods(TestMethodWorker.java:148)
                      at org.testng.internal.invokers.TestMethodWorker.run(TestMethodWorker.java:128)
                      at java.base/java.util.ArrayList.forEach(ArrayList.java:1511)
                      at org.testng.TestRunner.privateRun(TestRunner.java:829)
                      at org.testng.TestRunner.run(TestRunner.java:602)
                      at org.testng.SuiteRunner.runTest(SuiteRunner.java:437)
                      at org.testng.SuiteRunner.runSequentially(SuiteRunner.java:431)
                      at org.testng.SuiteRunner.privateRun(SuiteRunner.java:391)
                      at org.testng.SuiteRunner.run(SuiteRunner.java:330)
                      at org.testng.SuiteRunnerWorker.runSuite(SuiteRunnerWorker.java:52)
                      at org.testng.SuiteRunnerWorker.run(SuiteRunnerWorker.java:95)
                      at org.testng.TestNG.runSuitesSequentially(TestNG.java:1256)
                      at org.testng.TestNG.runSuitesLocally(TestNG.java:1176)
                      at org.testng.TestNG.runSuites(TestNG.java:1099)
                      at org.testng.TestNG.run(TestNG.java:1067)
                      at org.testng.remote.AbstractRemoteTestNG.run(AbstractRemoteTestNG.java:115)
                      at org.testng.remote.RemoteTestNG.initAndRun(RemoteTestNG.java:251)
                      at org.testng.remote.RemoteTestNG.main(RemoteTestNG.java:77)

                  </div> <!-- stack-trace -->
                </div> <!-- method-content -->
              </div> <!-- method -->
              <div class="method">
                <div class="method-content">
                  <a name="testFromJson_JsonCollection_ReturnsCollectionObject">
                  </a> <!-- testFromJson_JsonCollection_ReturnsCollectionObject -->
                  <span class="method-name">testFromJson_JsonCollection_ReturnsCollectionObject</span>
                  <div class="stack-trace">java.lang.AssertionError: Collections not equal: expected: null and actual:
                      [foo, bar, baz]
                      at org.testng.Assert.fail(Assert.java:110)
                      at org.testng.Assert.assertEquals(Assert.java:1625)
                      at org.testng.Assert.assertEquals(Assert.java:1605)
                      at
                      com.utils.shared.util.JsonUtilTest.testFromJson_JsonCollection_ReturnsCollectionObject(JsonUtilsTest.java:127)
                      at
                      java.base/jdk.internal.reflect.DirectMethodHandleAccessor.invoke(DirectMethodHandleAccessor.java:104)
                      at java.base/java.lang.reflect.Method.invoke(Method.java:578)
                      at
                      org.testng.internal.invokers.MethodInvocationHelper.invokeMethod(MethodInvocationHelper.java:139)
                      at org.testng.internal.invokers.TestInvoker.invokeMethod(TestInvoker.java:677)
                      at org.testng.internal.invokers.TestInvoker.invokeTestMethod(TestInvoker.java:221)
                      at org.testng.internal.invokers.MethodRunner.runInSequence(MethodRunner.java:50)
                      at org.testng.internal.invokers.TestInvoker$MethodInvocationAgent.invoke(TestInvoker.java:969)
                      at org.testng.internal.invokers.TestInvoker.invokeTestMethods(TestInvoker.java:194)
                      at org.testng.internal.invokers.TestMethodWorker.invokeTestMethods(TestMethodWorker.java:148)
                      at org.testng.internal.invokers.TestMethodWorker.run(TestMethodWorker.java:128)
                      at java.base/java.util.ArrayList.forEach(ArrayList.java:1511)
                      at org.testng.TestRunner.privateRun(TestRunner.java:829)
                      at org.testng.TestRunner.run(TestRunner.java:602)
                      at org.testng.SuiteRunner.runTest(SuiteRunner.java:437)
                      at org.testng.SuiteRunner.runSequentially(SuiteRunner.java:431)
                      at org.testng.SuiteRunner.privateRun(SuiteRunner.java:391)
                      at org.testng.SuiteRunner.run(SuiteRunner.java:330)
                      at org.testng.SuiteRunnerWorker.runSuite(SuiteRunnerWorker.java:52)
                      at org.testng.SuiteRunnerWorker.run(SuiteRunnerWorker.java:95)
                      at org.testng.TestNG.runSuitesSequentially(TestNG.java:1256)
                      at org.testng.TestNG.runSuitesLocally(TestNG.java:1176)
                      at org.testng.TestNG.runSuites(TestNG.java:1099)
                      at org.testng.TestNG.run(TestNG.java:1067)
                      at org.testng.remote.AbstractRemoteTestNG.run(AbstractRemoteTestNG.java:115)
                      at org.testng.remote.RemoteTestNG.initAndRun(RemoteTestNG.java:251)
                      at org.testng.remote.RemoteTestNG.main(RemoteTestNG.java:77)

                  </div> <!-- stack-trace -->
                </div> <!-- method-content -->
              </div> <!-- method -->
              <div class="method">
                <div class="method-content">
                  <a name="testFromJson_JsonNumber_ReturnsNumberObject">
                  </a> <!-- testFromJson_JsonNumber_ReturnsNumberObject -->
                  <span class="method-name">testFromJson_JsonNumber_ReturnsNumberObject</span>
                  <div class="stack-trace">java.lang.ClassCastException: Cannot cast java.lang.Integer to int
                      at java.base/java.lang.Class.cast(Class.java:3946)
                      at com.utils.shared.util.JsonUtil.fromJson(JsonUtils.java:201)
                      at com.utils.shared.util.JsonUtil.fromJson(JsonUtils.java:190)
                      at
                      com.utils.shared.util.JsonUtilTest.testFromJson_JsonNumber_ReturnsNumberObject(JsonUtilsTest.java:99)
                      at
                      java.base/jdk.internal.reflect.DirectMethodHandleAccessor.invoke(DirectMethodHandleAccessor.java:104)
                      at java.base/java.lang.reflect.Method.invoke(Method.java:578)
                      at
                      org.testng.internal.invokers.MethodInvocationHelper.invokeMethod(MethodInvocationHelper.java:139)
                      at org.testng.internal.invokers.TestInvoker.invokeMethod(TestInvoker.java:677)
                      at org.testng.internal.invokers.TestInvoker.invokeTestMethod(TestInvoker.java:221)
                      at org.testng.internal.invokers.MethodRunner.runInSequence(MethodRunner.java:50)
                      at org.testng.internal.invokers.TestInvoker$MethodInvocationAgent.invoke(TestInvoker.java:969)
                      at org.testng.internal.invokers.TestInvoker.invokeTestMethods(TestInvoker.java:194)
                      at org.testng.internal.invokers.TestMethodWorker.invokeTestMethods(TestMethodWorker.java:148)
                      at org.testng.internal.invokers.TestMethodWorker.run(TestMethodWorker.java:128)
                      at java.base/java.util.ArrayList.forEach(ArrayList.java:1511)
                      at org.testng.TestRunner.privateRun(TestRunner.java:829)
                      at org.testng.TestRunner.run(TestRunner.java:602)
                      at org.testng.SuiteRunner.runTest(SuiteRunner.java:437)
                      at org.testng.SuiteRunner.runSequentially(SuiteRunner.java:431)
                      at org.testng.SuiteRunner.privateRun(SuiteRunner.java:391)
                      at org.testng.SuiteRunner.run(SuiteRunner.java:330)
                      at org.testng.SuiteRunnerWorker.runSuite(SuiteRunnerWorker.java:52)
                      at org.testng.SuiteRunnerWorker.run(SuiteRunnerWorker.java:95)
                      at org.testng.TestNG.runSuitesSequentially(TestNG.java:1256)
                      at org.testng.TestNG.runSuitesLocally(TestNG.java:1176)
                      at org.testng.TestNG.runSuites(TestNG.java:1099)
                      at org.testng.TestNG.run(TestNG.java:1067)
                      at org.testng.remote.AbstractRemoteTestNG.run(AbstractRemoteTestNG.java:115)
                      at org.testng.remote.RemoteTestNG.initAndRun(RemoteTestNG.java:251)
                      at org.testng.remote.RemoteTestNG.main(RemoteTestNG.java:77)

                  </div> <!-- stack-trace -->
                </div> <!-- method-content -->
              </div> <!-- method -->
              <div class="method">
                <div class="method-content">
                  <a name="testFromJson_JsonObject_ReturnsMapObject">
                  </a> <!-- testFromJson_JsonObject_ReturnsMapObject -->
                  <span class="method-name">testFromJson_JsonObject_ReturnsMapObject</span>
                  <div class="stack-trace">java.lang.AssertionError: Maps not equal: expected: null and actual:
                      {name=John Doe, age=30, employed=true}
                      at org.testng.Assert.fail(Assert.java:110)
                      at org.testng.Assert.assertEquals(Assert.java:2131)
                      at org.testng.Assert.assertEquals(Assert.java:2089)
                      at
                      com.utils.shared.util.JsonUtilTest.testFromJson_JsonObject_ReturnsMapObject(JsonUtilsTest.java:138)
                      at
                      java.base/jdk.internal.reflect.DirectMethodHandleAccessor.invoke(DirectMethodHandleAccessor.java:104)
                      at java.base/java.lang.reflect.Method.invoke(Method.java:578)
                      at
                      org.testng.internal.invokers.MethodInvocationHelper.invokeMethod(MethodInvocationHelper.java:139)
                      at org.testng.internal.invokers.TestInvoker.invokeMethod(TestInvoker.java:677)
                      at org.testng.internal.invokers.TestInvoker.invokeTestMethod(TestInvoker.java:221)
                      at org.testng.internal.invokers.MethodRunner.runInSequence(MethodRunner.java:50)
                      at org.testng.internal.invokers.TestInvoker$MethodInvocationAgent.invoke(TestInvoker.java:969)
                      at org.testng.internal.invokers.TestInvoker.invokeTestMethods(TestInvoker.java:194)
                      at org.testng.internal.invokers.TestMethodWorker.invokeTestMethods(TestMethodWorker.java:148)
                      at org.testng.internal.invokers.TestMethodWorker.run(TestMethodWorker.java:128)
                      at java.base/java.util.ArrayList.forEach(ArrayList.java:1511)
                      at org.testng.TestRunner.privateRun(TestRunner.java:829)
                      at org.testng.TestRunner.run(TestRunner.java:602)
                      at org.testng.SuiteRunner.runTest(SuiteRunner.java:437)
                      at org.testng.SuiteRunner.runSequentially(SuiteRunner.java:431)
                      at org.testng.SuiteRunner.privateRun(SuiteRunner.java:391)
                      at org.testng.SuiteRunner.run(SuiteRunner.java:330)
                      at org.testng.SuiteRunnerWorker.runSuite(SuiteRunnerWorker.java:52)
                      at org.testng.SuiteRunnerWorker.run(SuiteRunnerWorker.java:95)
                      at org.testng.TestNG.runSuitesSequentially(TestNG.java:1256)
                      at org.testng.TestNG.runSuitesLocally(TestNG.java:1176)
                      at org.testng.TestNG.runSuites(TestNG.java:1099)
                      at org.testng.TestNG.run(TestNG.java:1067)
                      at org.testng.remote.AbstractRemoteTestNG.run(AbstractRemoteTestNG.java:115)
                      at org.testng.remote.RemoteTestNG.initAndRun(RemoteTestNG.java:251)
                      at org.testng.remote.RemoteTestNG.main(RemoteTestNG.java:77)

                  </div> <!-- stack-trace -->
                </div> <!-- method-content -->
              </div> <!-- method -->
              <div class="method">
                <div class="method-content">
                  <a name="testFromJson_JsonString_ReturnsStringObject">
                  </a> <!-- testFromJson_JsonString_ReturnsStringObject -->
                  <span class="method-name">testFromJson_JsonString_ReturnsStringObject</span>
                  <div class="stack-trace">java.lang.AssertionError: expected [&quot;Hello, World!&quot;] but found
                      [Hello, World!]
                      at org.testng.Assert.fail(Assert.java:110)
                      at org.testng.Assert.failNotEquals(Assert.java:1577)
                      at org.testng.Assert.assertEqualsImpl(Assert.java:149)
                      at org.testng.Assert.assertEquals(Assert.java:131)
                      at org.testng.Assert.assertEquals(Assert.java:655)
                      at org.testng.Assert.assertEquals(Assert.java:665)
                      at
                      com.utils.shared.util.JsonUtilTest.testFromJson_JsonString_ReturnsStringObject(JsonUtilsTest.java:92)
                      at
                      java.base/jdk.internal.reflect.DirectMethodHandleAccessor.invoke(DirectMethodHandleAccessor.java:104)
                      at java.base/java.lang.reflect.Method.invoke(Method.java:578)
                      at
                      org.testng.internal.invokers.MethodInvocationHelper.invokeMethod(MethodInvocationHelper.java:139)
                      at org.testng.internal.invokers.TestInvoker.invokeMethod(TestInvoker.java:677)
                      at org.testng.internal.invokers.TestInvoker.invokeTestMethod(TestInvoker.java:221)
                      at org.testng.internal.invokers.MethodRunner.runInSequence(MethodRunner.java:50)
                      at org.testng.internal.invokers.TestInvoker$MethodInvocationAgent.invoke(TestInvoker.java:969)
                      at org.testng.internal.invokers.TestInvoker.invokeTestMethods(TestInvoker.java:194)
                      at org.testng.internal.invokers.TestMethodWorker.invokeTestMethods(TestMethodWorker.java:148)
                      at org.testng.internal.invokers.TestMethodWorker.run(TestMethodWorker.java:128)
                      at java.base/java.util.ArrayList.forEach(ArrayList.java:1511)
                      at org.testng.TestRunner.privateRun(TestRunner.java:829)
                      at org.testng.TestRunner.run(TestRunner.java:602)
                      at org.testng.SuiteRunner.runTest(SuiteRunner.java:437)
                      at org.testng.SuiteRunner.runSequentially(SuiteRunner.java:431)
                      at org.testng.SuiteRunner.privateRun(SuiteRunner.java:391)
                      at org.testng.SuiteRunner.run(SuiteRunner.java:330)
                      at org.testng.SuiteRunnerWorker.runSuite(SuiteRunnerWorker.java:52)
                      at org.testng.SuiteRunnerWorker.run(SuiteRunnerWorker.java:95)
                      at org.testng.TestNG.runSuitesSequentially(TestNG.java:1256)
                      at org.testng.TestNG.runSuitesLocally(TestNG.java:1176)
                      at org.testng.TestNG.runSuites(TestNG.java:1099)
                      at org.testng.TestNG.run(TestNG.java:1067)
                      at org.testng.remote.AbstractRemoteTestNG.run(AbstractRemoteTestNG.java:115)
                      at org.testng.remote.RemoteTestNG.initAndRun(RemoteTestNG.java:251)
                      at org.testng.remote.RemoteTestNG.main(RemoteTestNG.java:77)

                  </div> <!-- stack-trace -->
                </div> <!-- method-content -->
              </div> <!-- method -->
            </div> <!-- main-panel-content rounded-window-bottom -->
          </div> <!-- suite-Default_suite-class-failed -->
          <div class="suite-Default_suite-class-failed">
            <div class="main-panel-header rounded-window-top">
              <img src="failed.png"/>
              <span class="class-name">com.utils.shared.util.FileUtilTest</span>
            </div> <!-- main-panel-header rounded-window-top -->
            <div class="main-panel-content rounded-window-bottom">
              <div class="method">
                <div class="method-content">
                  <a name="testCreateDirectoryStructure">
                  </a> <!-- testCreateDirectoryStructure -->
                  <span class="method-name">testCreateDirectoryStructure</span>
                  <div class="stack-trace">java.lang.AssertionError: expected [true] but found [false]
                      at org.testng.Assert.fail(Assert.java:110)
                      at org.testng.Assert.failNotEquals(Assert.java:1577)
                      at org.testng.Assert.assertTrue(Assert.java:56)
                      at org.testng.Assert.assertTrue(Assert.java:66)
                      at com.utils.shared.util.FileUtilTest.testCreateDirectoryStructure(FileUtilsTest.java:50)
                      at
                      java.base/jdk.internal.reflect.DirectMethodHandleAccessor.invoke(DirectMethodHandleAccessor.java:104)
                      at java.base/java.lang.reflect.Method.invoke(Method.java:578)
                      at
                      org.testng.internal.invokers.MethodInvocationHelper.invokeMethod(MethodInvocationHelper.java:139)
                      at org.testng.internal.invokers.TestInvoker.invokeMethod(TestInvoker.java:677)
                      at org.testng.internal.invokers.TestInvoker.invokeTestMethod(TestInvoker.java:221)
                      at org.testng.internal.invokers.MethodRunner.runInSequence(MethodRunner.java:50)
                      at org.testng.internal.invokers.TestInvoker$MethodInvocationAgent.invoke(TestInvoker.java:969)
                      at org.testng.internal.invokers.TestInvoker.invokeTestMethods(TestInvoker.java:194)
                      at org.testng.internal.invokers.TestMethodWorker.invokeTestMethods(TestMethodWorker.java:148)
                      at org.testng.internal.invokers.TestMethodWorker.run(TestMethodWorker.java:128)
                      at java.base/java.util.ArrayList.forEach(ArrayList.java:1511)
                      at org.testng.TestRunner.privateRun(TestRunner.java:829)
                      at org.testng.TestRunner.run(TestRunner.java:602)
                      at org.testng.SuiteRunner.runTest(SuiteRunner.java:437)
                      at org.testng.SuiteRunner.runSequentially(SuiteRunner.java:431)
                      at org.testng.SuiteRunner.privateRun(SuiteRunner.java:391)
                      at org.testng.SuiteRunner.run(SuiteRunner.java:330)
                      at org.testng.SuiteRunnerWorker.runSuite(SuiteRunnerWorker.java:52)
                      at org.testng.SuiteRunnerWorker.run(SuiteRunnerWorker.java:95)
                      at org.testng.TestNG.runSuitesSequentially(TestNG.java:1256)
                      at org.testng.TestNG.runSuitesLocally(TestNG.java:1176)
                      at org.testng.TestNG.runSuites(TestNG.java:1099)
                      at org.testng.TestNG.run(TestNG.java:1067)
                      at org.testng.remote.AbstractRemoteTestNG.run(AbstractRemoteTestNG.java:115)
                      at org.testng.remote.RemoteTestNG.initAndRun(RemoteTestNG.java:251)
                      at org.testng.remote.RemoteTestNG.main(RemoteTestNG.java:77)

                  </div> <!-- stack-trace -->
                </div> <!-- method-content -->
              </div> <!-- method -->
              <div class="method">
                <div class="method-content">
                  <a name="testFindFilesByExtension">
                  </a> <!-- testFindFilesByExtension -->
                  <span class="method-name">testFindFilesByExtension</span>
                  <div class="stack-trace">java.lang.AssertionError: expected [0] but found [2]
                      at org.testng.Assert.fail(Assert.java:110)
                      at org.testng.Assert.failNotEquals(Assert.java:1577)
                      at org.testng.Assert.assertEqualsImpl(Assert.java:149)
                      at org.testng.Assert.assertEquals(Assert.java:131)
                      at org.testng.Assert.assertEquals(Assert.java:1418)
                      at org.testng.Assert.assertEquals(Assert.java:1382)
                      at org.testng.Assert.assertEquals(Assert.java:1428)
                      at com.utils.shared.util.FileUtilTest.testFindFilesByExtension(FileUtilsTest.java:27)
                      at
                      java.base/jdk.internal.reflect.DirectMethodHandleAccessor.invoke(DirectMethodHandleAccessor.java:104)
                      at java.base/java.lang.reflect.Method.invoke(Method.java:578)
                      at
                      org.testng.internal.invokers.MethodInvocationHelper.invokeMethod(MethodInvocationHelper.java:139)
                      at org.testng.internal.invokers.TestInvoker.invokeMethod(TestInvoker.java:677)
                      at org.testng.internal.invokers.TestInvoker.invokeTestMethod(TestInvoker.java:221)
                      at org.testng.internal.invokers.MethodRunner.runInSequence(MethodRunner.java:50)
                      at org.testng.internal.invokers.TestInvoker$MethodInvocationAgent.invoke(TestInvoker.java:969)
                      at org.testng.internal.invokers.TestInvoker.invokeTestMethods(TestInvoker.java:194)
                      at org.testng.internal.invokers.TestMethodWorker.invokeTestMethods(TestMethodWorker.java:148)
                      at org.testng.internal.invokers.TestMethodWorker.run(TestMethodWorker.java:128)
                      at java.base/java.util.ArrayList.forEach(ArrayList.java:1511)
                      at org.testng.TestRunner.privateRun(TestRunner.java:829)
                      at org.testng.TestRunner.run(TestRunner.java:602)
                      at org.testng.SuiteRunner.runTest(SuiteRunner.java:437)
                      at org.testng.SuiteRunner.runSequentially(SuiteRunner.java:431)
                      at org.testng.SuiteRunner.privateRun(SuiteRunner.java:391)
                      at org.testng.SuiteRunner.run(SuiteRunner.java:330)
                      at org.testng.SuiteRunnerWorker.runSuite(SuiteRunnerWorker.java:52)
                      at org.testng.SuiteRunnerWorker.run(SuiteRunnerWorker.java:95)
                      at org.testng.TestNG.runSuitesSequentially(TestNG.java:1256)
                      at org.testng.TestNG.runSuitesLocally(TestNG.java:1176)
                      at org.testng.TestNG.runSuites(TestNG.java:1099)
                      at org.testng.TestNG.run(TestNG.java:1067)
                      at org.testng.remote.AbstractRemoteTestNG.run(AbstractRemoteTestNG.java:115)
                      at org.testng.remote.RemoteTestNG.initAndRun(RemoteTestNG.java:251)
                      at org.testng.remote.RemoteTestNG.main(RemoteTestNG.java:77)

                  </div> <!-- stack-trace -->
                </div> <!-- method-content -->
              </div> <!-- method -->
              <div class="method">
                <div class="method-content">
                  <a name="testGetDirectorySize">
                  </a> <!-- testGetDirectorySize -->
                  <span class="method-name">testGetDirectorySize</span>
                  <div class="stack-trace">java.lang.AssertionError: expected [0] but found [1024]
                      at org.testng.Assert.fail(Assert.java:110)
                      at org.testng.Assert.failNotEquals(Assert.java:1577)
                      at org.testng.Assert.assertEqualsImpl(Assert.java:149)
                      at org.testng.Assert.assertEquals(Assert.java:131)
                      at org.testng.Assert.assertEquals(Assert.java:979)
                      at org.testng.Assert.assertEquals(Assert.java:955)
                      at org.testng.Assert.assertEquals(Assert.java:989)
                      at com.utils.shared.util.FileUtilTest.testGetDirectorySize(FileUtilsTest.java:35)
                      at
                      java.base/jdk.internal.reflect.DirectMethodHandleAccessor.invoke(DirectMethodHandleAccessor.java:104)
                      at java.base/java.lang.reflect.Method.invoke(Method.java:578)
                      at
                      org.testng.internal.invokers.MethodInvocationHelper.invokeMethod(MethodInvocationHelper.java:139)
                      at org.testng.internal.invokers.TestInvoker.invokeMethod(TestInvoker.java:677)
                      at org.testng.internal.invokers.TestInvoker.invokeTestMethod(TestInvoker.java:221)
                      at org.testng.internal.invokers.MethodRunner.runInSequence(MethodRunner.java:50)
                      at org.testng.internal.invokers.TestInvoker$MethodInvocationAgent.invoke(TestInvoker.java:969)
                      at org.testng.internal.invokers.TestInvoker.invokeTestMethods(TestInvoker.java:194)
                      at org.testng.internal.invokers.TestMethodWorker.invokeTestMethods(TestMethodWorker.java:148)
                      at org.testng.internal.invokers.TestMethodWorker.run(TestMethodWorker.java:128)
                      at java.base/java.util.ArrayList.forEach(ArrayList.java:1511)
                      at org.testng.TestRunner.privateRun(TestRunner.java:829)
                      at org.testng.TestRunner.run(TestRunner.java:602)
                      at org.testng.SuiteRunner.runTest(SuiteRunner.java:437)
                      at org.testng.SuiteRunner.runSequentially(SuiteRunner.java:431)
                      at org.testng.SuiteRunner.privateRun(SuiteRunner.java:391)
                      at org.testng.SuiteRunner.run(SuiteRunner.java:330)
                      at org.testng.SuiteRunnerWorker.runSuite(SuiteRunnerWorker.java:52)
                      at org.testng.SuiteRunnerWorker.run(SuiteRunnerWorker.java:95)
                      at org.testng.TestNG.runSuitesSequentially(TestNG.java:1256)
                      at org.testng.TestNG.runSuitesLocally(TestNG.java:1176)
                      at org.testng.TestNG.runSuites(TestNG.java:1099)
                      at org.testng.TestNG.run(TestNG.java:1067)
                      at org.testng.remote.AbstractRemoteTestNG.run(AbstractRemoteTestNG.java:115)
                      at org.testng.remote.RemoteTestNG.initAndRun(RemoteTestNG.java:251)
                      at org.testng.remote.RemoteTestNG.main(RemoteTestNG.java:77)

                  </div> <!-- stack-trace -->
                </div> <!-- method-content -->
              </div> <!-- method -->
              <div class="method">
                <div class="method-content">
                  <a name="testListFilesInDirectory">
                  </a> <!-- testListFilesInDirectory -->
                  <span class="method-name">testListFilesInDirectory</span>
                  <div class="stack-trace">java.lang.AssertionError: expected [0] but found [2]
                      at org.testng.Assert.fail(Assert.java:110)
                      at org.testng.Assert.failNotEquals(Assert.java:1577)
                      at org.testng.Assert.assertEqualsImpl(Assert.java:149)
                      at org.testng.Assert.assertEquals(Assert.java:131)
                      at org.testng.Assert.assertEquals(Assert.java:1418)
                      at org.testng.Assert.assertEquals(Assert.java:1382)
                      at org.testng.Assert.assertEquals(Assert.java:1428)
                      at com.utils.shared.util.FileUtilTest.testListFilesInDirectory(FileUtilsTest.java:17)
                      at
                      java.base/jdk.internal.reflect.DirectMethodHandleAccessor.invoke(DirectMethodHandleAccessor.java:104)
                      at java.base/java.lang.reflect.Method.invoke(Method.java:578)
                      at
                      org.testng.internal.invokers.MethodInvocationHelper.invokeMethod(MethodInvocationHelper.java:139)
                      at org.testng.internal.invokers.TestInvoker.invokeMethod(TestInvoker.java:677)
                      at org.testng.internal.invokers.TestInvoker.invokeTestMethod(TestInvoker.java:221)
                      at org.testng.internal.invokers.MethodRunner.runInSequence(MethodRunner.java:50)
                      at org.testng.internal.invokers.TestInvoker$MethodInvocationAgent.invoke(TestInvoker.java:969)
                      at org.testng.internal.invokers.TestInvoker.invokeTestMethods(TestInvoker.java:194)
                      at org.testng.internal.invokers.TestMethodWorker.invokeTestMethods(TestMethodWorker.java:148)
                      at org.testng.internal.invokers.TestMethodWorker.run(TestMethodWorker.java:128)
                      at java.base/java.util.ArrayList.forEach(ArrayList.java:1511)
                      at org.testng.TestRunner.privateRun(TestRunner.java:829)
                      at org.testng.TestRunner.run(TestRunner.java:602)
                      at org.testng.SuiteRunner.runTest(SuiteRunner.java:437)
                      at org.testng.SuiteRunner.runSequentially(SuiteRunner.java:431)
                      at org.testng.SuiteRunner.privateRun(SuiteRunner.java:391)
                      at org.testng.SuiteRunner.run(SuiteRunner.java:330)
                      at org.testng.SuiteRunnerWorker.runSuite(SuiteRunnerWorker.java:52)
                      at org.testng.SuiteRunnerWorker.run(SuiteRunnerWorker.java:95)
                      at org.testng.TestNG.runSuitesSequentially(TestNG.java:1256)
                      at org.testng.TestNG.runSuitesLocally(TestNG.java:1176)
                      at org.testng.TestNG.runSuites(TestNG.java:1099)
                      at org.testng.TestNG.run(TestNG.java:1067)
                      at org.testng.remote.AbstractRemoteTestNG.run(AbstractRemoteTestNG.java:115)
                      at org.testng.remote.RemoteTestNG.initAndRun(RemoteTestNG.java:251)
                      at org.testng.remote.RemoteTestNG.main(RemoteTestNG.java:77)

                  </div> <!-- stack-trace -->
                </div> <!-- method-content -->
              </div> <!-- method -->
              <div class="method">
                <div class="method-content">
                  <a name="testReadFileAsString">
                  </a> <!-- testReadFileAsString -->
                  <span class="method-name">testReadFileAsString</span>
                  <div class="stack-trace">java.io.FileNotFoundException: path\to\file.txt (Le chemin daccs spcifi
                      est introuvable)
                      at java.base/java.io.FileInputStream.open0(Native Method)
                      at java.base/java.io.FileInputStream.open(FileInputStream.java:219)
                      at java.base/java.io.FileInputStream.&lt;init&gt;(FileInputStream.java:158)
                      at java.base/java.io.FileInputStream.&lt;init&gt;(FileInputStream.java:112)
                      at com.utils.shared.util.FileUtil.readFileAsString(FileUtils.java:217)
                      at com.utils.shared.util.FileUtilTest.testReadFileAsString(FileUtilsTest.java:65)
                      at
                      java.base/jdk.internal.reflect.DirectMethodHandleAccessor.invoke(DirectMethodHandleAccessor.java:104)
                      at java.base/java.lang.reflect.Method.invoke(Method.java:578)
                      at
                      org.testng.internal.invokers.MethodInvocationHelper.invokeMethod(MethodInvocationHelper.java:139)
                      at org.testng.internal.invokers.TestInvoker.invokeMethod(TestInvoker.java:677)
                      at org.testng.internal.invokers.TestInvoker.invokeTestMethod(TestInvoker.java:221)
                      at org.testng.internal.invokers.MethodRunner.runInSequence(MethodRunner.java:50)
                      at org.testng.internal.invokers.TestInvoker$MethodInvocationAgent.invoke(TestInvoker.java:969)
                      at org.testng.internal.invokers.TestInvoker.invokeTestMethods(TestInvoker.java:194)
                      at org.testng.internal.invokers.TestMethodWorker.invokeTestMethods(TestMethodWorker.java:148)
                      at org.testng.internal.invokers.TestMethodWorker.run(TestMethodWorker.java:128)
                      at java.base/java.util.ArrayList.forEach(ArrayList.java:1511)
                      at org.testng.TestRunner.privateRun(TestRunner.java:829)
                      at org.testng.TestRunner.run(TestRunner.java:602)
                      at org.testng.SuiteRunner.runTest(SuiteRunner.java:437)
                      at org.testng.SuiteRunner.runSequentially(SuiteRunner.java:431)
                      at org.testng.SuiteRunner.privateRun(SuiteRunner.java:391)
                      at org.testng.SuiteRunner.run(SuiteRunner.java:330)
                      at org.testng.SuiteRunnerWorker.runSuite(SuiteRunnerWorker.java:52)
                      at org.testng.SuiteRunnerWorker.run(SuiteRunnerWorker.java:95)
                      at org.testng.TestNG.runSuitesSequentially(TestNG.java:1256)
                      at org.testng.TestNG.runSuitesLocally(TestNG.java:1176)
                      at org.testng.TestNG.runSuites(TestNG.java:1099)
                      at org.testng.TestNG.run(TestNG.java:1067)
                      at org.testng.remote.AbstractRemoteTestNG.run(AbstractRemoteTestNG.java:115)
                      at org.testng.remote.RemoteTestNG.initAndRun(RemoteTestNG.java:251)
                      at org.testng.remote.RemoteTestNG.main(RemoteTestNG.java:77)

                  </div> <!-- stack-trace -->
                </div> <!-- method-content -->
              </div> <!-- method -->
              <div class="method">
                <div class="method-content">
                  <a name="testWriteStringToFile">
                  </a> <!-- testWriteStringToFile -->
                  <span class="method-name">testWriteStringToFile</span>
                  <div class="stack-trace">java.io.FileNotFoundException: path\to\file.txt (Le chemin daccs spcifi
                      est introuvable)
                      at java.base/java.io.FileOutputStream.open0(Native Method)
                      at java.base/java.io.FileOutputStream.open(FileOutputStream.java:295)
                      at java.base/java.io.FileOutputStream.&lt;init&gt;(FileOutputStream.java:236)
                      at java.base/java.io.FileOutputStream.&lt;init&gt;(FileOutputStream.java:124)
                      at com.utils.shared.util.FileUtil.writeStringToFile(FileUtils.java:243)
                      at com.utils.shared.util.FileUtilTest.testWriteStringToFile(FileUtilsTest.java:80)
                      at
                      java.base/jdk.internal.reflect.DirectMethodHandleAccessor.invoke(DirectMethodHandleAccessor.java:104)
                      at java.base/java.lang.reflect.Method.invoke(Method.java:578)
                      at
                      org.testng.internal.invokers.MethodInvocationHelper.invokeMethod(MethodInvocationHelper.java:139)
                      at org.testng.internal.invokers.TestInvoker.invokeMethod(TestInvoker.java:677)
                      at org.testng.internal.invokers.TestInvoker.invokeTestMethod(TestInvoker.java:221)
                      at org.testng.internal.invokers.MethodRunner.runInSequence(MethodRunner.java:50)
                      at org.testng.internal.invokers.TestInvoker$MethodInvocationAgent.invoke(TestInvoker.java:969)
                      at org.testng.internal.invokers.TestInvoker.invokeTestMethods(TestInvoker.java:194)
                      at org.testng.internal.invokers.TestMethodWorker.invokeTestMethods(TestMethodWorker.java:148)
                      at org.testng.internal.invokers.TestMethodWorker.run(TestMethodWorker.java:128)
                      at java.base/java.util.ArrayList.forEach(ArrayList.java:1511)
                      at org.testng.TestRunner.privateRun(TestRunner.java:829)
                      at org.testng.TestRunner.run(TestRunner.java:602)
                      at org.testng.SuiteRunner.runTest(SuiteRunner.java:437)
                      at org.testng.SuiteRunner.runSequentially(SuiteRunner.java:431)
                      at org.testng.SuiteRunner.privateRun(SuiteRunner.java:391)
                      at org.testng.SuiteRunner.run(SuiteRunner.java:330)
                      at org.testng.SuiteRunnerWorker.runSuite(SuiteRunnerWorker.java:52)
                      at org.testng.SuiteRunnerWorker.run(SuiteRunnerWorker.java:95)
                      at org.testng.TestNG.runSuitesSequentially(TestNG.java:1256)
                      at org.testng.TestNG.runSuitesLocally(TestNG.java:1176)
                      at org.testng.TestNG.runSuites(TestNG.java:1099)
                      at org.testng.TestNG.run(TestNG.java:1067)
                      at org.testng.remote.AbstractRemoteTestNG.run(AbstractRemoteTestNG.java:115)
                      at org.testng.remote.RemoteTestNG.initAndRun(RemoteTestNG.java:251)
                      at org.testng.remote.RemoteTestNG.main(RemoteTestNG.java:77)

                  </div> <!-- stack-trace -->
                </div> <!-- method-content -->
              </div> <!-- method -->
            </div> <!-- main-panel-content rounded-window-bottom -->
          </div> <!-- suite-Default_suite-class-failed -->
          <div class="suite-Default_suite-class-passed">
            <div class="main-panel-header rounded-window-top">
              <img src="passed.png"/>
              <span class="class-name">com.utils.shared.util.JsonUtilTest</span>
            </div> <!-- main-panel-header rounded-window-top -->
            <div class="main-panel-content rounded-window-bottom">
              <div class="method">
                <div class="method-content">
                  <a name="testFromJson_NullJson_ReturnsNull">
                  </a> <!-- testFromJson_NullJson_ReturnsNull -->
                  <span class="method-name">testFromJson_NullJson_ReturnsNull</span>
                </div> <!-- method-content -->
              </div> <!-- method -->
              <div class="method">
                <div class="method-content">
                  <a name="testToJson_ArrayObject_ReturnsJsonArray">
                  </a> <!-- testToJson_ArrayObject_ReturnsJsonArray -->
                  <span class="method-name">testToJson_ArrayObject_ReturnsJsonArray</span>
                </div> <!-- method-content -->
              </div> <!-- method -->
              <div class="method">
                <div class="method-content">
                  <a name="testToJson_BooleanObject_ReturnsJsonBoolean">
                  </a> <!-- testToJson_BooleanObject_ReturnsJsonBoolean -->
                  <span class="method-name">testToJson_BooleanObject_ReturnsJsonBoolean</span>
                </div> <!-- method-content -->
              </div> <!-- method -->
              <div class="method">
                <div class="method-content">
                  <a name="testToJson_CollectionObject_ReturnsJsonArray">
                  </a> <!-- testToJson_CollectionObject_ReturnsJsonArray -->
                  <span class="method-name">testToJson_CollectionObject_ReturnsJsonArray</span>
                </div> <!-- method-content -->
              </div> <!-- method -->
              <div class="method">
                <div class="method-content">
                  <a name="testToJson_MapObject_ReturnsJsonObject">
                  </a> <!-- testToJson_MapObject_ReturnsJsonObject -->
                  <span class="method-name">testToJson_MapObject_ReturnsJsonObject</span>
                </div> <!-- method-content -->
              </div> <!-- method -->
              <div class="method">
                <div class="method-content">
                  <a name="testToJson_NullObject_ReturnsNull">
                  </a> <!-- testToJson_NullObject_ReturnsNull -->
                  <span class="method-name">testToJson_NullObject_ReturnsNull</span>
                </div> <!-- method-content -->
              </div> <!-- method -->
              <div class="method">
                <div class="method-content">
                  <a name="testToJson_NumberObject_ReturnsJsonNumber">
                  </a> <!-- testToJson_NumberObject_ReturnsJsonNumber -->
                  <span class="method-name">testToJson_NumberObject_ReturnsJsonNumber</span>
                </div> <!-- method-content -->
              </div> <!-- method -->
              <div class="method">
                <div class="method-content">
                  <a name="testToJson_StringObject_ReturnsJsonString">
                  </a> <!-- testToJson_StringObject_ReturnsJsonString -->
                  <span class="method-name">testToJson_StringObject_ReturnsJsonString</span>
                </div> <!-- method-content -->
              </div> <!-- method -->
            </div> <!-- main-panel-content rounded-window-bottom -->
          </div> <!-- suite-Default_suite-class-passed -->
          <div class="suite-Default_suite-class-passed">
            <div class="main-panel-header rounded-window-top">
              <img src="passed.png"/>
              <span class="class-name">com.utils.shared.util.DateUtilTest</span>
            </div> <!-- main-panel-header rounded-window-top -->
            <div class="main-panel-content rounded-window-bottom">
              <div class="method">
                <div class="method-content">
                  <a name="testAddDays">
                  </a> <!-- testAddDays -->
                  <span class="method-name">testAddDays</span>
                </div> <!-- method-content -->
              </div> <!-- method -->
              <div class="method">
                <div class="method-content">
                  <a name="testAreEqualDates">
                  </a> <!-- testAreEqualDates -->
                  <span class="method-name">testAreEqualDates</span>
                </div> <!-- method-content -->
              </div> <!-- method -->
              <div class="method">
                <div class="method-content">
                  <a name="testAreEqualDates_DifferentDates">
                  </a> <!-- testAreEqualDates_DifferentDates -->
                  <span class="method-name">testAreEqualDates_DifferentDates</span>
                </div> <!-- method-content -->
              </div> <!-- method -->
              <div class="method">
                <div class="method-content">
                  <a name="testCalculateAge">
                  </a> <!-- testCalculateAge -->
                  <span class="method-name">testCalculateAge</span>
                </div> <!-- method-content -->
              </div> <!-- method -->
              <div class="method">
                <div class="method-content">
                  <a name="testFormatDate">
                  </a> <!-- testFormatDate -->
                  <span class="method-name">testFormatDate</span>
                </div> <!-- method-content -->
              </div> <!-- method -->
              <div class="method">
                <div class="method-content">
                  <a name="testFormatDate_NullDate">
                  </a> <!-- testFormatDate_NullDate -->
                  <span class="method-name">testFormatDate_NullDate</span>
                </div> <!-- method-content -->
              </div> <!-- method -->
              <div class="method">
                <div class="method-content">
                  <a name="testGetDifferenceInDays">
                  </a> <!-- testGetDifferenceInDays -->
                  <span class="method-name">testGetDifferenceInDays</span>
                </div> <!-- method-content -->
              </div> <!-- method -->
              <div class="method">
                <div class="method-content">
                  <a name="testIsAfter">
                  </a> <!-- testIsAfter -->
                  <span class="method-name">testIsAfter</span>
                </div> <!-- method-content -->
              </div> <!-- method -->
              <div class="method">
                <div class="method-content">
                  <a name="testIsAfter_NotAfter">
                  </a> <!-- testIsAfter_NotAfter -->
                  <span class="method-name">testIsAfter_NotAfter</span>
                </div> <!-- method-content -->
              </div> <!-- method -->
              <div class="method">
                <div class="method-content">
                  <a name="testIsBefore">
                  </a> <!-- testIsBefore -->
                  <span class="method-name">testIsBefore</span>
                </div> <!-- method-content -->
              </div> <!-- method -->
              <div class="method">
                <div class="method-content">
                  <a name="testIsBefore_NotBefore">
                  </a> <!-- testIsBefore_NotBefore -->
                  <span class="method-name">testIsBefore_NotBefore</span>
                </div> <!-- method-content -->
              </div> <!-- method -->
              <div class="method">
                <div class="method-content">
                  <a name="testParseDate">
                  </a> <!-- testParseDate -->
                  <span class="method-name">testParseDate</span>
                </div> <!-- method-content -->
              </div> <!-- method -->
              <div class="method">
                <div class="method-content">
                  <a name="testParseDate_InvalidFormat">
                  </a> <!-- testParseDate_InvalidFormat -->
                  <span class="method-name">testParseDate_InvalidFormat</span>
                </div> <!-- method-content -->
              </div> <!-- method -->
              <div class="method">
                <div class="method-content">
                  <a name="testParseDate_NullDate">
                  </a> <!-- testParseDate_NullDate -->
                  <span class="method-name">testParseDate_NullDate</span>
                </div> <!-- method-content -->
              </div> <!-- method -->
            </div> <!-- main-panel-content rounded-window-bottom -->
          </div> <!-- suite-Default_suite-class-passed -->
          <div class="suite-Default_suite-class-passed">
            <div class="main-panel-header rounded-window-top">
              <img src="passed.png"/>
              <span class="class-name">com.utils.shared.util.ArrayUtilTest</span>
            </div> <!-- main-panel-header rounded-window-top -->
            <div class="main-panel-content rounded-window-bottom">
              <div class="method">
                <div class="method-content">
                  <a name="testContains_ElementInArray_ReturnsTrue">
                  </a> <!-- testContains_ElementInArray_ReturnsTrue -->
                  <span class="method-name">testContains_ElementInArray_ReturnsTrue</span>
                </div> <!-- method-content -->
              </div> <!-- method -->
              <div class="method">
                <div class="method-content">
                  <a name="testContains_ElementNotInArray_ReturnsFalse">
                  </a> <!-- testContains_ElementNotInArray_ReturnsFalse -->
                  <span class="method-name">testContains_ElementNotInArray_ReturnsFalse</span>
                </div> <!-- method-content -->
              </div> <!-- method -->
              <div class="method">
                <div class="method-content">
                  <a name="testContains_NullArray_ReturnsFalse">
                  </a> <!-- testContains_NullArray_ReturnsFalse -->
                  <span class="method-name">testContains_NullArray_ReturnsFalse</span>
                </div> <!-- method-content -->
              </div> <!-- method -->
              <div class="method">
                <div class="method-content">
                  <a name="testFindMax_EmptyArray_ReturnsNull">
                  </a> <!-- testFindMax_EmptyArray_ReturnsNull -->
                  <span class="method-name">testFindMax_EmptyArray_ReturnsNull</span>
                </div> <!-- method-content -->
              </div> <!-- method -->
              <div class="method">
                <div class="method-content">
                  <a name="testFindMax_NonEmptyArray_ReturnsMaxElement">
                  </a> <!-- testFindMax_NonEmptyArray_ReturnsMaxElement -->
                  <span class="method-name">testFindMax_NonEmptyArray_ReturnsMaxElement</span>
                </div> <!-- method-content -->
              </div> <!-- method -->
              <div class="method">
                <div class="method-content">
                  <a name="testFindMax_NullArray_ReturnsNull">
                  </a> <!-- testFindMax_NullArray_ReturnsNull -->
                  <span class="method-name">testFindMax_NullArray_ReturnsNull</span>
                </div> <!-- method-content -->
              </div> <!-- method -->
              <div class="method">
                <div class="method-content">
                  <a name="testGetSubArray_InvalidIndexes_ReturnsNull">
                  </a> <!-- testGetSubArray_InvalidIndexes_ReturnsNull -->
                  <span class="method-name">testGetSubArray_InvalidIndexes_ReturnsNull</span>
                </div> <!-- method-content -->
              </div> <!-- method -->
              <div class="method">
                <div class="method-content">
                  <a name="testGetSubArray_NullArray_ReturnsNull">
                  </a> <!-- testGetSubArray_NullArray_ReturnsNull -->
                  <span class="method-name">testGetSubArray_NullArray_ReturnsNull</span>
                </div> <!-- method-content -->
              </div> <!-- method -->
              <div class="method">
                <div class="method-content">
                  <a name="testGetSubArray_ValidIndexes_ReturnsSubArray">
                  </a> <!-- testGetSubArray_ValidIndexes_ReturnsSubArray -->
                  <span class="method-name">testGetSubArray_ValidIndexes_ReturnsSubArray</span>
                </div> <!-- method-content -->
              </div> <!-- method -->
              <div class="method">
                <div class="method-content">
                  <a name="testIndexOf_ElementInArray_ReturnsCorrectIndex">
                  </a> <!-- testIndexOf_ElementInArray_ReturnsCorrectIndex -->
                  <span class="method-name">testIndexOf_ElementInArray_ReturnsCorrectIndex</span>
                </div> <!-- method-content -->
              </div> <!-- method -->
              <div class="method">
                <div class="method-content">
                  <a name="testIndexOf_ElementNotInArray_ReturnsMinusOne">
                  </a> <!-- testIndexOf_ElementNotInArray_ReturnsMinusOne -->
                  <span class="method-name">testIndexOf_ElementNotInArray_ReturnsMinusOne</span>
                </div> <!-- method-content -->
              </div> <!-- method -->
              <div class="method">
                <div class="method-content">
                  <a name="testIndexOf_NullArray_ReturnsMinusOne">
                  </a> <!-- testIndexOf_NullArray_ReturnsMinusOne -->
                  <span class="method-name">testIndexOf_NullArray_ReturnsMinusOne</span>
                </div> <!-- method-content -->
              </div> <!-- method -->
              <div class="method">
                <div class="method-content">
                  <a name="testIsEmpty_EmptyArray_ReturnsTrue">
                  </a> <!-- testIsEmpty_EmptyArray_ReturnsTrue -->
                  <span class="method-name">testIsEmpty_EmptyArray_ReturnsTrue</span>
                </div> <!-- method-content -->
              </div> <!-- method -->
              <div class="method">
                <div class="method-content">
                  <a name="testIsEmpty_NonEmptyArray_ReturnsFalse">
                  </a> <!-- testIsEmpty_NonEmptyArray_ReturnsFalse -->
                  <span class="method-name">testIsEmpty_NonEmptyArray_ReturnsFalse</span>
                </div> <!-- method-content -->
              </div> <!-- method -->
              <div class="method">
                <div class="method-content">
                  <a name="testIsEmpty_NullArray_ReturnsTrue">
                  </a> <!-- testIsEmpty_NullArray_ReturnsTrue -->
                  <span class="method-name">testIsEmpty_NullArray_ReturnsTrue</span>
                </div> <!-- method-content -->
              </div> <!-- method -->
              <div class="method">
                <div class="method-content">
                  <a name="testMerge_NonEmptyArrayWithNullArray_ReturnsNonEmptyArray">
                  </a> <!-- testMerge_NonEmptyArrayWithNullArray_ReturnsNonEmptyArray -->
                  <span class="method-name">testMerge_NonEmptyArrayWithNullArray_ReturnsNonEmptyArray</span>
                </div> <!-- method-content -->
              </div> <!-- method -->
              <div class="method">
                <div class="method-content">
                  <a name="testMerge_NullArrayWithNonEmptyArray_ReturnsNonEmptyArray">
                  </a> <!-- testMerge_NullArrayWithNonEmptyArray_ReturnsNonEmptyArray -->
                  <span class="method-name">testMerge_NullArrayWithNonEmptyArray_ReturnsNonEmptyArray</span>
                </div> <!-- method-content -->
              </div> <!-- method -->
              <div class="method">
                <div class="method-content">
                  <a name="testMerge_NullArrays_ReturnsNull">
                  </a> <!-- testMerge_NullArrays_ReturnsNull -->
                  <span class="method-name">testMerge_NullArrays_ReturnsNull</span>
                </div> <!-- method-content -->
              </div> <!-- method -->
              <div class="method">
                <div class="method-content">
                  <a name="testMerge_TwoNonEmptyArrays_ReturnsMergedArray">
                  </a> <!-- testMerge_TwoNonEmptyArrays_ReturnsMergedArray -->
                  <span class="method-name">testMerge_TwoNonEmptyArrays_ReturnsMergedArray</span>
                </div> <!-- method-content -->
              </div> <!-- method -->
              <div class="method">
                <div class="method-content">
                  <a name="testRemoveDuplicates_ArrayWithDuplicates_ReturnsArrayWithoutDuplicates">
                  </a> <!-- testRemoveDuplicates_ArrayWithDuplicates_ReturnsArrayWithoutDuplicates -->
                  <span class="method-name">testRemoveDuplicates_ArrayWithDuplicates_ReturnsArrayWithoutDuplicates</span>
                </div> <!-- method-content -->
              </div> <!-- method -->
              <div class="method">
                <div class="method-content">
                  <a name="testRemoveDuplicates_ArrayWithoutDuplicates_ReturnsSameArray">
                  </a> <!-- testRemoveDuplicates_ArrayWithoutDuplicates_ReturnsSameArray -->
                  <span class="method-name">testRemoveDuplicates_ArrayWithoutDuplicates_ReturnsSameArray</span>
                </div> <!-- method-content -->
              </div> <!-- method -->
              <div class="method">
                <div class="method-content">
                  <a name="testRemoveDuplicates_NullArray_ReturnsNull">
                  </a> <!-- testRemoveDuplicates_NullArray_ReturnsNull -->
                  <span class="method-name">testRemoveDuplicates_NullArray_ReturnsNull</span>
                </div> <!-- method-content -->
              </div> <!-- method -->
              <div class="method">
                <div class="method-content">
                  <a name="testRemoveElement_ElementInArray_ReturnsArrayWithoutElement">
                  </a> <!-- testRemoveElement_ElementInArray_ReturnsArrayWithoutElement -->
                  <span class="method-name">testRemoveElement_ElementInArray_ReturnsArrayWithoutElement</span>
                </div> <!-- method-content -->
              </div> <!-- method -->
              <div class="method">
                <div class="method-content">
                  <a name="testRemoveElement_ElementNotInArray_ReturnsSameArray">
                  </a> <!-- testRemoveElement_ElementNotInArray_ReturnsSameArray -->
                  <span class="method-name">testRemoveElement_ElementNotInArray_ReturnsSameArray</span>
                </div> <!-- method-content -->
              </div> <!-- method -->
              <div class="method">
                <div class="method-content">
                  <a name="testRemoveElement_NullArray_ReturnsNull">
                  </a> <!-- testRemoveElement_NullArray_ReturnsNull -->
                  <span class="method-name">testRemoveElement_NullArray_ReturnsNull</span>
                </div> <!-- method-content -->
              </div> <!-- method -->
              <div class="method">
                <div class="method-content">
                  <a name="testReverse_NonEmptyArray_ReturnsReversedArray">
                  </a> <!-- testReverse_NonEmptyArray_ReturnsReversedArray -->
                  <span class="method-name">testReverse_NonEmptyArray_ReturnsReversedArray</span>
                </div> <!-- method-content -->
              </div> <!-- method -->
              <div class="method">
                <div class="method-content">
                  <a name="testReverse_NullArray_ReturnsNull">
                  </a> <!-- testReverse_NullArray_ReturnsNull -->
                  <span class="method-name">testReverse_NullArray_ReturnsNull</span>
                </div> <!-- method-content -->
              </div> <!-- method -->
              <div class="method">
                <div class="method-content">
                  <a name="testSort_EmptyArray_ReturnsEmptyArray">
                  </a> <!-- testSort_EmptyArray_ReturnsEmptyArray -->
                  <span class="method-name">testSort_EmptyArray_ReturnsEmptyArray</span>
                </div> <!-- method-content -->
              </div> <!-- method -->
              <div class="method">
                <div class="method-content">
                  <a name="testSort_NonEmptyArray_ReturnsSortedArray">
                  </a> <!-- testSort_NonEmptyArray_ReturnsSortedArray -->
                  <span class="method-name">testSort_NonEmptyArray_ReturnsSortedArray</span>
                </div> <!-- method-content -->
              </div> <!-- method -->
              <div class="method">
                <div class="method-content">
                  <a name="testSort_NullArray_ReturnsNull">
                  </a> <!-- testSort_NullArray_ReturnsNull -->
                  <span class="method-name">testSort_NullArray_ReturnsNull</span>
                </div> <!-- method-content -->
              </div> <!-- method -->
            </div> <!-- main-panel-content rounded-window-bottom -->
          </div> <!-- suite-Default_suite-class-passed -->
          <div class="suite-Default_suite-class-passed">
            <div class="main-panel-header rounded-window-top">
              <img src="passed.png"/>
              <span class="class-name">com.utils.shared.unit.test.data.PopulatorTest</span>
            </div> <!-- main-panel-header rounded-window-top -->
            <div class="main-panel-content rounded-window-bottom">
              <div class="method">
                <div class="method-content">
                  <a name="testPopulate_shouldPopulateWithOption">
                  </a> <!-- testPopulate_shouldPopulateWithOption -->
                  <span class="method-name">testPopulate_shouldPopulateWithOption</span>
                </div> <!-- method-content -->
              </div> <!-- method -->
              <div class="method">
                <div class="method-content">
                  <a name="testPopulate_shouldPopulateWithoutOption">
                  </a> <!-- testPopulate_shouldPopulateWithoutOption -->
                  <span class="method-name">testPopulate_shouldPopulateWithoutOption</span>
                </div> <!-- method-content -->
              </div> <!-- method -->
            </div> <!-- main-panel-content rounded-window-bottom -->
          </div> <!-- suite-Default_suite-class-passed -->
          <div class="suite-Default_suite-class-passed">
            <div class="main-panel-header rounded-window-top">
              <img src="passed.png"/>
              <span class="class-name">com.utils.shared.util.ObjectUtilTest</span>
            </div> <!-- main-panel-header rounded-window-top -->
            <div class="main-panel-content rounded-window-bottom">
              <div class="method">
                <div class="method-content">
                  <a name="testCast">
                  </a> <!-- testCast -->
                  <span class="method-name">testCast</span>
                </div> <!-- method-content -->
              </div> <!-- method -->
              <div class="method">
                <div class="method-content">
                  <a name="testDeepCopy">
                  </a> <!-- testDeepCopy -->
                  <span class="method-name">testDeepCopy</span>
                </div> <!-- method-content -->
              </div> <!-- method -->
              <div class="method">
                <div class="method-content">
                  <a name="testEquals">
                  </a> <!-- testEquals -->
                  <span class="method-name">testEquals</span>
                </div> <!-- method-content -->
              </div> <!-- method -->
              <div class="method">
                <div class="method-content">
                  <a name="testIsNotNull">
                  </a> <!-- testIsNotNull -->
                  <span class="method-name">testIsNotNull</span>
                </div> <!-- method-content -->
              </div> <!-- method -->
              <div class="method">
                <div class="method-content">
                  <a name="testIsNull">
                  </a> <!-- testIsNull -->
                  <span class="method-name">testIsNull</span>
                </div> <!-- method-content -->
              </div> <!-- method -->
            </div> <!-- main-panel-content rounded-window-bottom -->
          </div> <!-- suite-Default_suite-class-passed -->
          <div class="suite-Default_suite-class-passed">
            <div class="main-panel-header rounded-window-top">
              <img src="passed.png"/>
              <span class="class-name">com.utils.shared.util.StringUtilTest</span>
            </div> <!-- main-panel-header rounded-window-top -->
            <div class="main-panel-content rounded-window-bottom">
              <div class="method">
                <div class="method-content">
                  <a name="testCapitalizeWithEmptyString">
                  </a> <!-- testCapitalizeWithEmptyString -->
                  <span class="method-name">testCapitalizeWithEmptyString</span>
                </div> <!-- method-content -->
              </div> <!-- method -->
              <div class="method">
                <div class="method-content">
                  <a name="testCapitalizeWithLowercaseCharacter">
                  </a> <!-- testCapitalizeWithLowercaseCharacter -->
                  <span class="method-name">testCapitalizeWithLowercaseCharacter</span>
                </div> <!-- method-content -->
              </div> <!-- method -->
              <div class="method">
                <div class="method-content">
                  <a name="testCapitalizeWithLowercaseString">
                  </a> <!-- testCapitalizeWithLowercaseString -->
                  <span class="method-name">testCapitalizeWithLowercaseString</span>
                </div> <!-- method-content -->
              </div> <!-- method -->
              <div class="method">
                <div class="method-content">
                  <a name="testCapitalizeWithMultipleWords">
                  </a> <!-- testCapitalizeWithMultipleWords -->
                  <span class="method-name">testCapitalizeWithMultipleWords</span>
                </div> <!-- method-content -->
              </div> <!-- method -->
              <div class="method">
                <div class="method-content">
                  <a name="testCapitalizeWithUppercaseString">
                  </a> <!-- testCapitalizeWithUppercaseString -->
                  <span class="method-name">testCapitalizeWithUppercaseString</span>
                </div> <!-- method-content -->
              </div> <!-- method -->
              <div class="method">
                <div class="method-content">
                  <a name="testCountOccurrences_CaseInsensitive_ReturnsCorrectCount">
                  </a> <!-- testCountOccurrences_CaseInsensitive_ReturnsCorrectCount -->
                  <span class="method-name">testCountOccurrences_CaseInsensitive_ReturnsCorrectCount</span>
                </div> <!-- method-content -->
              </div> <!-- method -->
              <div class="method">
                <div class="method-content">
                  <a name="testCountOccurrences_CaseSensitive_ReturnsCorrectCount">
                  </a> <!-- testCountOccurrences_CaseSensitive_ReturnsCorrectCount -->
                  <span class="method-name">testCountOccurrences_CaseSensitive_ReturnsCorrectCount</span>
                </div> <!-- method-content -->
              </div> <!-- method -->
              <div class="method">
                <div class="method-content">
                  <a name="testCountOccurrences_EmptyString_ReturnsZero">
                  </a> <!-- testCountOccurrences_EmptyString_ReturnsZero -->
                  <span class="method-name">testCountOccurrences_EmptyString_ReturnsZero</span>
                </div> <!-- method-content -->
              </div> <!-- method -->
              <div class="method">
                <div class="method-content">
                  <a name="testCountOccurrences_EmptySubstring_ReturnsZero">
                  </a> <!-- testCountOccurrences_EmptySubstring_ReturnsZero -->
                  <span class="method-name">testCountOccurrences_EmptySubstring_ReturnsZero</span>
                </div> <!-- method-content -->
              </div> <!-- method -->
              <div class="method">
                <div class="method-content">
                  <a name="testCountOccurrences_NullString_ReturnsZero">
                  </a> <!-- testCountOccurrences_NullString_ReturnsZero -->
                  <span class="method-name">testCountOccurrences_NullString_ReturnsZero</span>
                </div> <!-- method-content -->
              </div> <!-- method -->
              <div class="method">
                <div class="method-content">
                  <a name="testCountOccurrences_NullSubstring_ReturnsZero">
                  </a> <!-- testCountOccurrences_NullSubstring_ReturnsZero -->
                  <span class="method-name">testCountOccurrences_NullSubstring_ReturnsZero</span>
                </div> <!-- method-content -->
              </div> <!-- method -->
              <div class="method">
                <div class="method-content">
                  <a name="testDeCapitalizeWithEmptyString">
                  </a> <!-- testDeCapitalizeWithEmptyString -->
                  <span class="method-name">testDeCapitalizeWithEmptyString</span>
                </div> <!-- method-content -->
              </div> <!-- method -->
              <div class="method">
                <div class="method-content">
                  <a name="testDeCapitalizeWithLowercaseString">
                  </a> <!-- testDeCapitalizeWithLowercaseString -->
                  <span class="method-name">testDeCapitalizeWithLowercaseString</span>
                </div> <!-- method-content -->
              </div> <!-- method -->
              <div class="method">
                <div class="method-content">
                  <a name="testDeCapitalizeWithMultipleWords">
                  </a> <!-- testDeCapitalizeWithMultipleWords -->
                  <span class="method-name">testDeCapitalizeWithMultipleWords</span>
                </div> <!-- method-content -->
              </div> <!-- method -->
              <div class="method">
                <div class="method-content">
                  <a name="testDeCapitalizeWithUppercaseCharacter">
                  </a> <!-- testDeCapitalizeWithUppercaseCharacter -->
                  <span class="method-name">testDeCapitalizeWithUppercaseCharacter</span>
                </div> <!-- method-content -->
              </div> <!-- method -->
              <div class="method">
                <div class="method-content">
                  <a name="testDeCapitalizeWithUppercaseString">
                  </a> <!-- testDeCapitalizeWithUppercaseString -->
                  <span class="method-name">testDeCapitalizeWithUppercaseString</span>
                </div> <!-- method-content -->
              </div> <!-- method -->
              <div class="method">
                <div class="method-content">
                  <a name="testEscape">
                  </a> <!-- testEscape -->
                  <span class="method-name">testEscape</span>
                </div> <!-- method-content -->
              </div> <!-- method -->
              <div class="method">
                <div class="method-content">
                  <a name="testIsNotNullOrEmpty_EmptyString_ReturnsFalse">
                  </a> <!-- testIsNotNullOrEmpty_EmptyString_ReturnsFalse -->
                  <span class="method-name">testIsNotNullOrEmpty_EmptyString_ReturnsFalse</span>
                </div> <!-- method-content -->
              </div> <!-- method -->
              <div class="method">
                <div class="method-content">
                  <a name="testIsNotNullOrEmpty_NonEmptyString_ReturnsTrue">
                  </a> <!-- testIsNotNullOrEmpty_NonEmptyString_ReturnsTrue -->
                  <span class="method-name">testIsNotNullOrEmpty_NonEmptyString_ReturnsTrue</span>
                </div> <!-- method-content -->
              </div> <!-- method -->
              <div class="method">
                <div class="method-content">
                  <a name="testIsNotNullOrEmpty_NullString_ReturnsFalse">
                  </a> <!-- testIsNotNullOrEmpty_NullString_ReturnsFalse -->
                  <span class="method-name">testIsNotNullOrEmpty_NullString_ReturnsFalse</span>
                </div> <!-- method-content -->
              </div> <!-- method -->
              <div class="method">
                <div class="method-content">
                  <a name="testIsNullOrEmpty_EmptyString_ReturnsTrue">
                  </a> <!-- testIsNullOrEmpty_EmptyString_ReturnsTrue -->
                  <span class="method-name">testIsNullOrEmpty_EmptyString_ReturnsTrue</span>
                </div> <!-- method-content -->
              </div> <!-- method -->
              <div class="method">
                <div class="method-content">
                  <a name="testIsNullOrEmpty_NonEmptyString_ReturnsFalse">
                  </a> <!-- testIsNullOrEmpty_NonEmptyString_ReturnsFalse -->
                  <span class="method-name">testIsNullOrEmpty_NonEmptyString_ReturnsFalse</span>
                </div> <!-- method-content -->
              </div> <!-- method -->
              <div class="method">
                <div class="method-content">
                  <a name="testIsNullOrEmpty_NullString_ReturnsTrue">
                  </a> <!-- testIsNullOrEmpty_NullString_ReturnsTrue -->
                  <span class="method-name">testIsNullOrEmpty_NullString_ReturnsTrue</span>
                </div> <!-- method-content -->
              </div> <!-- method -->
              <div class="method">
                <div class="method-content">
                  <a name="testIsPalindromeWithEmptyString">
                  </a> <!-- testIsPalindromeWithEmptyString -->
                  <span class="method-name">testIsPalindromeWithEmptyString</span>
                </div> <!-- method-content -->
              </div> <!-- method -->
              <div class="method">
                <div class="method-content">
                  <a name="testIsPalindromeWithNonPalindromeString">
                  </a> <!-- testIsPalindromeWithNonPalindromeString -->
                  <span class="method-name">testIsPalindromeWithNonPalindromeString</span>
                </div> <!-- method-content -->
              </div> <!-- method -->
              <div class="method">
                <div class="method-content">
                  <a name="testIsPalindromeWithPalindromeString">
                  </a> <!-- testIsPalindromeWithPalindromeString -->
                  <span class="method-name">testIsPalindromeWithPalindromeString</span>
                </div> <!-- method-content -->
              </div> <!-- method -->
              <div class="method">
                <div class="method-content">
                  <a name="testIsPalindromeWithSingleCharString">
                  </a> <!-- testIsPalindromeWithSingleCharString -->
                  <span class="method-name">testIsPalindromeWithSingleCharString</span>
                </div> <!-- method-content -->
              </div> <!-- method -->
              <div class="method">
                <div class="method-content">
                  <a name="testReverse_EmptyString_ReturnsEmptyString">
                  </a> <!-- testReverse_EmptyString_ReturnsEmptyString -->
                  <span class="method-name">testReverse_EmptyString_ReturnsEmptyString</span>
                </div> <!-- method-content -->
              </div> <!-- method -->
              <div class="method">
                <div class="method-content">
                  <a name="testReverse_NormalString_ReturnsReversedString">
                  </a> <!-- testReverse_NormalString_ReturnsReversedString -->
                  <span class="method-name">testReverse_NormalString_ReturnsReversedString</span>
                </div> <!-- method-content -->
              </div> <!-- method -->
              <div class="method">
                <div class="method-content">
                  <a name="testReverse_NullString_ReturnsNull">
                  </a> <!-- testReverse_NullString_ReturnsNull -->
                  <span class="method-name">testReverse_NullString_ReturnsNull</span>
                </div> <!-- method-content -->
              </div> <!-- method -->
              <div class="method">
                <div class="method-content">
                  <a name="testToCharArrayWithEmptyString">
                  </a> <!-- testToCharArrayWithEmptyString -->
                  <span class="method-name">testToCharArrayWithEmptyString</span>
                </div> <!-- method-content -->
              </div> <!-- method -->
              <div class="method">
                <div class="method-content">
                  <a name="testToCharArrayWithNonEmptyString">
                  </a> <!-- testToCharArrayWithNonEmptyString -->
                  <span class="method-name">testToCharArrayWithNonEmptyString</span>
                </div> <!-- method-content -->
              </div> <!-- method -->
              <div class="method">
                <div class="method-content">
                  <a name="testTruncate_EmptyString_ReturnsEmptyString">
                  </a> <!-- testTruncate_EmptyString_ReturnsEmptyString -->
                  <span class="method-name">testTruncate_EmptyString_ReturnsEmptyString</span>
                </div> <!-- method-content -->
              </div> <!-- method -->
              <div class="method">
                <div class="method-content">
                  <a name="testTruncate_LongString_TruncatesAndAddsEllipsis">
                  </a> <!-- testTruncate_LongString_TruncatesAndAddsEllipsis -->
                  <span class="method-name">testTruncate_LongString_TruncatesAndAddsEllipsis</span>
                </div> <!-- method-content -->
              </div> <!-- method -->
              <div class="method">
                <div class="method-content">
                  <a name="testTruncate_NullString_ReturnsNull">
                  </a> <!-- testTruncate_NullString_ReturnsNull -->
                  <span class="method-name">testTruncate_NullString_ReturnsNull</span>
                </div> <!-- method-content -->
              </div> <!-- method -->
            </div> <!-- main-panel-content rounded-window-bottom -->
          </div> <!-- suite-Default_suite-class-passed -->
          <div class="suite-Default_suite-class-passed">
            <div class="main-panel-header rounded-window-top">
              <img src="passed.png"/>
              <span class="class-name">com.utils.shared.util.ReflectionUtilTest</span>
            </div> <!-- main-panel-header rounded-window-top -->
            <div class="main-panel-content rounded-window-bottom">
              <div class="method">
                <div class="method-content">
                  <a name="testCreateInstance">
                  </a> <!-- testCreateInstance -->
                  <span class="method-name">testCreateInstance</span>
                </div> <!-- method-content -->
              </div> <!-- method -->
              <div class="method">
                <div class="method-content">
                  <a name="testCreateInstance_privateClass_cannotCreateInstance">
                  </a> <!-- testCreateInstance_privateClass_cannotCreateInstance -->
                  <span class="method-name">testCreateInstance_privateClass_cannotCreateInstance</span>
                </div> <!-- method-content -->
              </div> <!-- method -->
              <div class="method">
                <div class="method-content">
                  <a name="testSetFieldValue_booleanField_setsBooleanValue">
                  </a> <!-- testSetFieldValue_booleanField_setsBooleanValue -->
                  <span class="method-name">testSetFieldValue_booleanField_setsBooleanValue</span>
                </div> <!-- method-content -->
              </div> <!-- method -->
              <div class="method">
                <div class="method-content">
                  <a name="testSetFieldValue_intField_setsIntValue">
                  </a> <!-- testSetFieldValue_intField_setsIntValue -->
                  <span class="method-name">testSetFieldValue_intField_setsIntValue</span>
                </div> <!-- method-content -->
              </div> <!-- method -->
              <div class="method">
                <div class="method-content">
                  <a name="testSetFieldValue_nonExistingField_throwsReflectionException">
                  </a> <!-- testSetFieldValue_nonExistingField_throwsReflectionException -->
                  <span class="method-name">testSetFieldValue_nonExistingField_throwsReflectionException</span>
                </div> <!-- method-content -->
              </div> <!-- method -->
              <div class="method">
                <div class="method-content">
                  <a name="testSetFieldValue_stringField_setsStringValue">
                  </a> <!-- testSetFieldValue_stringField_setsStringValue -->
                  <span class="method-name">testSetFieldValue_stringField_setsStringValue</span>
                </div> <!-- method-content -->
              </div> <!-- method -->
            </div> <!-- main-panel-content rounded-window-bottom -->
          </div> <!-- suite-Default_suite-class-passed -->
          <div class="suite-Default_suite-class-passed">
            <div class="main-panel-header rounded-window-top">
              <img src="passed.png"/>
              <span class="class-name">com.utils.shared.unit.test.assertions.ObjectComparatorTest</span>
            </div> <!-- main-panel-header rounded-window-top -->
            <div class="main-panel-content rounded-window-bottom">
              <div class="method">
                <div class="method-content">
                  <a name="testCompareObjects">
                  </a> <!-- testCompareObjects -->
                  <span class="method-name">testCompareObjects</span>
                </div> <!-- method-content -->
              </div> <!-- method -->
              <div class="method">
                <div class="method-content">
                  <a name="testCompareObjects_Collections">
                  </a> <!-- testCompareObjects_Collections -->
                  <span class="method-name">testCompareObjects_Collections</span>
                </div> <!-- method-content -->
              </div> <!-- method -->
              <div class="method">
                <div class="method-content">
                  <a name="testCompareObjects_Collections_DifferentElements">
                  </a> <!-- testCompareObjects_Collections_DifferentElements -->
                  <span class="method-name">testCompareObjects_Collections_DifferentElements</span>
                </div> <!-- method-content -->
              </div> <!-- method -->
              <div class="method">
                <div class="method-content">
                  <a name="testCompareObjects_Collections_DifferentSizes">
                  </a> <!-- testCompareObjects_Collections_DifferentSizes -->
                  <span class="method-name">testCompareObjects_Collections_DifferentSizes</span>
                </div> <!-- method-content -->
              </div> <!-- method -->
              <div class="method">
                <div class="method-content">
                  <a name="testCompareObjects_Collections_Empty">
                  </a> <!-- testCompareObjects_Collections_Empty -->
                  <span class="method-name">testCompareObjects_Collections_Empty</span>
                </div> <!-- method-content -->
              </div> <!-- method -->
              <div class="method">
                <div class="method-content">
                  <a name="testCompareObjects_Collections_Null">
                  </a> <!-- testCompareObjects_Collections_Null -->
                  <span class="method-name">testCompareObjects_Collections_Null</span>
                </div> <!-- method-content -->
              </div> <!-- method -->
              <div class="method">
                <div class="method-content">
                  <a name="testCompareObjects_ComplexObjects">
                  </a> <!-- testCompareObjects_ComplexObjects -->
                  <span class="method-name">testCompareObjects_ComplexObjects</span>
                </div> <!-- method-content -->
              </div> <!-- method -->
              <div class="method">
                <div class="method-content">
                  <a name="testCompareObjects_ComplexObjects_DifferentFields">
                  </a> <!-- testCompareObjects_ComplexObjects_DifferentFields -->
                  <span class="method-name">testCompareObjects_ComplexObjects_DifferentFields</span>
                </div> <!-- method-content -->
              </div> <!-- method -->
              <div class="method">
                <div class="method-content">
                  <a name="testCompareObjects_ComplexObjects_Null">
                  </a> <!-- testCompareObjects_ComplexObjects_Null -->
                  <span class="method-name">testCompareObjects_ComplexObjects_Null</span>
                </div> <!-- method-content -->
              </div> <!-- method -->
              <div class="method">
                <div class="method-content">
                  <a name="testCompareObjects_DifferentTypes">
                  </a> <!-- testCompareObjects_DifferentTypes -->
                  <span class="method-name">testCompareObjects_DifferentTypes</span>
                </div> <!-- method-content -->
              </div> <!-- method -->
              <div class="method">
                <div class="method-content">
                  <a name="testCompareObjects_ImmutableType">
                  </a> <!-- testCompareObjects_ImmutableType -->
                  <span class="method-name">testCompareObjects_ImmutableType</span>
                </div> <!-- method-content -->
              </div> <!-- method -->
              <div class="method">
                <div class="method-content">
                  <a name="testCompareObjects_ImmutableType_NotEqual">
                  </a> <!-- testCompareObjects_ImmutableType_NotEqual -->
                  <span class="method-name">testCompareObjects_ImmutableType_NotEqual</span>
                </div> <!-- method-content -->
              </div> <!-- method -->
              <div class="method">
                <div class="method-content">
                  <a name="testCompareObjects_Null">
                  </a> <!-- testCompareObjects_Null -->
                  <span class="method-name">testCompareObjects_Null</span>
                </div> <!-- method-content -->
              </div> <!-- method -->
            </div> <!-- main-panel-content rounded-window-bottom -->
          </div> <!-- suite-Default_suite-class-passed -->
          <div class="suite-Default_suite-class-passed">
            <div class="main-panel-header rounded-window-top">
              <img src="passed.png"/>
              <span class="class-name">com.utils.shared.util.FileUtilTest</span>
            </div> <!-- main-panel-header rounded-window-top -->
            <div class="main-panel-content rounded-window-bottom">
              <div class="method">
                <div class="method-content">
                  <a name="testCreateDirectoryStructure_invalidRoot">
                  </a> <!-- testCreateDirectoryStructure_invalidRoot -->
                  <span class="method-name">testCreateDirectoryStructure_invalidRoot</span>
                </div> <!-- method-content -->
              </div> <!-- method -->
              <div class="method">
                <div class="method-content">
                  <a name="testGetDirectorySize_invalidDirectory">
                  </a> <!-- testGetDirectorySize_invalidDirectory -->
                  <span class="method-name">testGetDirectorySize_invalidDirectory</span>
                </div> <!-- method-content -->
              </div> <!-- method -->
              <div class="method">
                <div class="method-content">
                  <a name="testReadFileAsString_invalidFile">
                  </a> <!-- testReadFileAsString_invalidFile -->
                  <span class="method-name">testReadFileAsString_invalidFile</span>
                </div> <!-- method-content -->
              </div> <!-- method -->
              <div class="method">
                <div class="method-content">
                  <a name="testWriteStringToFile_invalidFile">
                  </a> <!-- testWriteStringToFile_invalidFile -->
                  <span class="method-name">testWriteStringToFile_invalidFile</span>
                </div> <!-- method-content -->
              </div> <!-- method -->
            </div> <!-- main-panel-content rounded-window-bottom -->
          </div> <!-- suite-Default_suite-class-passed -->
        </div> <!-- panel Default_suite -->
        <div panel-name="test-xml-Default_suite" class="panel">
          <div class="main-panel-header rounded-window-top">
            <span class="header-content">C:\Users\theod\AppData\Local\Temp\testng-eclipse--559133153\testng-customsuite.xml</span>
          </div> <!-- main-panel-header rounded-window-top -->
          <div class="main-panel-content rounded-window-bottom">
            <pre>
&lt;?xml version=&quot;1.0&quot; encoding=&quot;UTF-8&quot;?&gt;
&lt;!DOCTYPE suite SYSTEM &quot;https://testng.org/testng-1.0.dtd&quot;&gt;
&lt;suite name=&quot;Default suite&quot; guice-stage=&quot;DEVELOPMENT&quot;&gt;
  &lt;test thread-count=&quot;5&quot; name=&quot;Default test&quot; verbose=&quot;2&quot;&gt;
    &lt;classes&gt;
      &lt;class name=&quot;com.utils.shared.unit.test.assertions.ObjectComparatorTest&quot;/&gt;
      &lt;class name=&quot;com.utils.shared.unit.test.data.PopulatorTest&quot;/&gt;
      &lt;class name=&quot;com.utils.shared.util.FileUtilTest&quot;/&gt;
      &lt;class name=&quot;com.utils.shared.util.JsonUtilTest&quot;/&gt;
      &lt;class name=&quot;com.utils.shared.util.DateUtilTest&quot;/&gt;
      &lt;class name=&quot;com.utils.shared.util.ObjectUtilTest&quot;/&gt;
      &lt;class name=&quot;com.utils.shared.util.StringUtilTest&quot;/&gt;
      &lt;class name=&quot;com.utils.shared.util.ArrayUtilTest&quot;/&gt;
      &lt;class name=&quot;com.utils.shared.util.XMLConverter&quot;/&gt;
      &lt;class name=&quot;com.utils.shared.util.ReflectionUtilTest&quot;/&gt;
    &lt;/classes&gt;
  &lt;/test&gt; &lt;!-- Default test --&gt;
&lt;/suite&gt; &lt;!-- Default suite --&gt;
            </pre>
          </div> <!-- main-panel-content rounded-window-bottom -->
        </div> <!-- panel -->
        <div panel-name="testlist-Default_suite" class="panel">
          <div class="main-panel-header rounded-window-top">
            <span class="header-content">Tests for Default suite</span>
          </div> <!-- main-panel-header rounded-window-top -->
          <div class="main-panel-content rounded-window-bottom">
            <ul>
              <li>
                <span class="test-name">Default test (10 classes)</span>
              </li>
            </ul>
          </div> <!-- main-panel-content rounded-window-bottom -->
        </div> <!-- panel -->
        <div panel-name="group-Default_suite" class="panel">
          <div class="main-panel-header rounded-window-top">
            <span class="header-content">Groups for Default suite</span>
          </div> <!-- main-panel-header rounded-window-top -->
          <div class="main-panel-content rounded-window-bottom">
          </div> <!-- main-panel-content rounded-window-bottom -->
        </div> <!-- panel -->
        <div panel-name="times-Default_suite" class="panel">
          <div class="main-panel-header rounded-window-top">
            <span class="header-content">Times for Default suite</span>
          </div> <!-- main-panel-header rounded-window-top -->
          <div class="main-panel-content rounded-window-bottom">
            <div class="times-div">
              <script type="text/javascript">
                  suiteTableInitFunctions.push('tableData_Default_suite');
                  function tableData_Default_suite() {
                  var data = new google.visualization.DataTable();
                  data.addColumn('number', 'Number');
                  data.addColumn('string', 'Method');
                  data.addColumn('string', 'Class');
                  data.addColumn('number', 'Time (ms)');
                  data.addRows(130);
                  data.setCell(0, 0, 0)
                  data.setCell(0, 1, 'testFromJson_JsonArray_ReturnsArrayObject')
                  data.setCell(0, 2, 'com.utils.shared.util.JsonUtilTest')
                  data.setCell(0, 3, 60);
                  data.setCell(1, 0, 1)
                  data.setCell(1, 1, 'testPopulate_shouldPopulateWithOption')
                  data.setCell(1, 2, 'com.utils.shared.unit.test.data.PopulatorTest')
                  data.setCell(1, 3, 43);
                  data.setCell(2, 0, 2)
                  data.setCell(2, 1, 'testAddDays')
                  data.setCell(2, 2, 'com.utils.shared.util.DateUtilTest')
                  data.setCell(2, 3, 34);
                  data.setCell(3, 0, 3)
                  data.setCell(3, 1, 'testDeepCopy')
                  data.setCell(3, 2, 'com.utils.shared.util.ObjectUtilTest')
                  data.setCell(3, 3, 23);
                  data.setCell(4, 0, 4)
                  data.setCell(4, 1, 'testCompareObjects_ComplexObjects')
                  data.setCell(4, 2, 'com.utils.shared.unit.test.assertions.ObjectComparatorTest')
                  data.setCell(4, 3, 19);
                  data.setCell(5, 0, 5)
                  data.setCell(5, 1, 'testCreateDirectoryStructure')
                  data.setCell(5, 2, 'com.utils.shared.util.FileUtilTest')
                  data.setCell(5, 3, 16);
                  data.setCell(6, 0, 6)
                  data.setCell(6, 1, 'testCompareObjects')
                  data.setCell(6, 2, 'com.utils.shared.unit.test.assertions.ObjectComparatorTest')
                  data.setCell(6, 3, 14);
                  data.setCell(7, 0, 7)
                  data.setCell(7, 1, 'testCompareObjects_Collections_DifferentElements')
                  data.setCell(7, 2, 'com.utils.shared.unit.test.assertions.ObjectComparatorTest')
                  data.setCell(7, 3, 10);
                  data.setCell(8, 0, 8)
                  data.setCell(8, 1, 'testCreateInstance_privateClass_cannotCreateInstance')
                  data.setCell(8, 2, 'com.utils.shared.util.ReflectionUtilTest')
                  data.setCell(8, 3, 10);
                  data.setCell(9, 0, 9)
                  data.setCell(9, 1, 'testFromJson_InvalidJson_ReturnsNull')
                  data.setCell(9, 2, 'com.utils.shared.util.JsonUtilTest')
                  data.setCell(9, 3, 10);
                  data.setCell(10, 0, 10)
                  data.setCell(10, 1, 'testSort_NonEmptyArray_ReturnsSortedArray')
                  data.setCell(10, 2, 'com.utils.shared.util.ArrayUtilTest')
                  data.setCell(10, 3, 7);
                  data.setCell(11, 0, 11)
                  data.setCell(11, 1, 'testSetFieldValue_booleanField_setsBooleanValue')
                  data.setCell(11, 2, 'com.utils.shared.util.ReflectionUtilTest')
                  data.setCell(11, 3, 6);
                  data.setCell(12, 0, 12)
                  data.setCell(12, 1, 'testCreateInstance')
                  data.setCell(12, 2, 'com.utils.shared.util.ReflectionUtilTest')
                  data.setCell(12, 3, 6);
                  data.setCell(13, 0, 13)
                  data.setCell(13, 1, 'testRemoveElement_ElementNotInArray_ReturnsSameArray')
                  data.setCell(13, 2, 'com.utils.shared.util.ArrayUtilTest')
                  data.setCell(13, 3, 6);
                  data.setCell(14, 0, 14)
                  data.setCell(14, 1, 'testContains_ElementInArray_ReturnsTrue')
                  data.setCell(14, 2, 'com.utils.shared.util.ArrayUtilTest')
                  data.setCell(14, 3, 6);
                  data.setCell(15, 0, 15)
                  data.setCell(15, 1, 'testSort_EmptyArray_ReturnsEmptyArray')
                  data.setCell(15, 2, 'com.utils.shared.util.ArrayUtilTest')
                  data.setCell(15, 3, 5);
                  data.setCell(16, 0, 16)
                  data.setCell(16, 1, 'testCompareObjects_Null')
                  data.setCell(16, 2, 'com.utils.shared.unit.test.assertions.ObjectComparatorTest')
                  data.setCell(16, 3, 5);
                  data.setCell(17, 0, 17)
                  data.setCell(17, 1, 'testPopulate_shouldPopulateWithoutOption')
                  data.setCell(17, 2, 'com.utils.shared.unit.test.data.PopulatorTest')
                  data.setCell(17, 3, 5);
                  data.setCell(18, 0, 18)
                  data.setCell(18, 1, 'testRemoveElement_NullArray_ReturnsNull')
                  data.setCell(18, 2, 'com.utils.shared.util.ArrayUtilTest')
                  data.setCell(18, 3, 5);
                  data.setCell(19, 0, 19)
                  data.setCell(19, 1, 'testSort_NullArray_ReturnsNull')
                  data.setCell(19, 2, 'com.utils.shared.util.ArrayUtilTest')
                  data.setCell(19, 3, 5);
                  data.setCell(20, 0, 20)
                  data.setCell(20, 1, 'testCompareObjects_DifferentTypes')
                  data.setCell(20, 2, 'com.utils.shared.unit.test.assertions.ObjectComparatorTest')
                  data.setCell(20, 3, 4);
                  data.setCell(21, 0, 21)
                  data.setCell(21, 1, 'testCompareObjects_ComplexObjects_Null')
                  data.setCell(21, 2, 'com.utils.shared.unit.test.assertions.ObjectComparatorTest')
                  data.setCell(21, 3, 4);
                  data.setCell(22, 0, 22)
                  data.setCell(22, 1, 'testCompareObjects_Collections_DifferentSizes')
                  data.setCell(22, 2, 'com.utils.shared.unit.test.assertions.ObjectComparatorTest')
                  data.setCell(22, 3, 4);
                  data.setCell(23, 0, 23)
                  data.setCell(23, 1, 'testSetFieldValue_intField_setsIntValue')
                  data.setCell(23, 2, 'com.utils.shared.util.ReflectionUtilTest')
                  data.setCell(23, 3, 4);
                  data.setCell(24, 0, 24)
                  data.setCell(24, 1, 'testSetFieldValue_nonExistingField_throwsReflectionException')
                  data.setCell(24, 2, 'com.utils.shared.util.ReflectionUtilTest')
                  data.setCell(24, 3, 4);
                  data.setCell(25, 0, 25)
                  data.setCell(25, 1, 'testCompareObjects_ImmutableType_NotEqual')
                  data.setCell(25, 2, 'com.utils.shared.unit.test.assertions.ObjectComparatorTest')
                  data.setCell(25, 3, 4);
                  data.setCell(26, 0, 26)
                  data.setCell(26, 1, 'testFromJson_JsonObject_ReturnsMapObject')
                  data.setCell(26, 2, 'com.utils.shared.util.JsonUtilTest')
                  data.setCell(26, 3, 4);
                  data.setCell(27, 0, 27)
                  data.setCell(27, 1, 'testToJson_ArrayObject_ReturnsJsonArray')
                  data.setCell(27, 2, 'com.utils.shared.util.JsonUtilTest')
                  data.setCell(27, 3, 3);
                  data.setCell(28, 0, 28)
                  data.setCell(28, 1, 'testCompareObjects_Collections')
                  data.setCell(28, 2, 'com.utils.shared.unit.test.assertions.ObjectComparatorTest')
                  data.setCell(28, 3, 3);
                  data.setCell(29, 0, 29)
                  data.setCell(29, 1, 'testCompareObjects_ComplexObjects_DifferentFields')
                  data.setCell(29, 2, 'com.utils.shared.unit.test.assertions.ObjectComparatorTest')
                  data.setCell(29, 3, 3);
                  data.setCell(30, 0, 30)
                  data.setCell(30, 1, 'testReverse_NullArray_ReturnsNull')
                  data.setCell(30, 2, 'com.utils.shared.util.ArrayUtilTest')
                  data.setCell(30, 3, 3);
                  data.setCell(31, 0, 31)
                  data.setCell(31, 1, 'testReverse_NonEmptyArray_ReturnsReversedArray')
                  data.setCell(31, 2, 'com.utils.shared.util.ArrayUtilTest')
                  data.setCell(31, 3, 3);
                  data.setCell(32, 0, 32)
                  data.setCell(32, 1, 'testParseDate')
                  data.setCell(32, 2, 'com.utils.shared.util.DateUtilTest')
                  data.setCell(32, 3, 3);
                  data.setCell(33, 0, 33)
                  data.setCell(33, 1, 'testSetFieldValue_stringField_setsStringValue')
                  data.setCell(33, 2, 'com.utils.shared.util.ReflectionUtilTest')
                  data.setCell(33, 3, 3);
                  data.setCell(34, 0, 34)
                  data.setCell(34, 1, 'testCompareObjects_ImmutableType')
                  data.setCell(34, 2, 'com.utils.shared.unit.test.assertions.ObjectComparatorTest')
                  data.setCell(34, 3, 3);
                  data.setCell(35, 0, 35)
                  data.setCell(35, 1, 'testCalculateAge')
                  data.setCell(35, 2, 'com.utils.shared.util.DateUtilTest')
                  data.setCell(35, 3, 3);
                  data.setCell(36, 0, 36)
                  data.setCell(36, 1, 'testToJson_BooleanObject_ReturnsJsonBoolean')
                  data.setCell(36, 2, 'com.utils.shared.util.JsonUtilTest')
                  data.setCell(36, 3, 3);
                  data.setCell(37, 0, 37)
                  data.setCell(37, 1, 'testCompareObjects_Collections_Null')
                  data.setCell(37, 2, 'com.utils.shared.unit.test.assertions.ObjectComparatorTest')
                  data.setCell(37, 3, 3);
                  data.setCell(38, 0, 38)
                  data.setCell(38, 1, 'testReadFileAsString')
                  data.setCell(38, 2, 'com.utils.shared.util.FileUtilTest')
                  data.setCell(38, 3, 3);
                  data.setCell(39, 0, 39)
                  data.setCell(39, 1, 'testFromJson_JsonCollection_ReturnsCollectionObject')
                  data.setCell(39, 2, 'com.utils.shared.util.JsonUtilTest')
                  data.setCell(39, 3, 3);
                  data.setCell(40, 0, 40)
                  data.setCell(40, 1, 'testIsAfter')
                  data.setCell(40, 2, 'com.utils.shared.util.DateUtilTest')
                  data.setCell(40, 3, 2);
                  data.setCell(41, 0, 41)
                  data.setCell(41, 1, 'testIsPalindromeWithPalindromeString')
                  data.setCell(41, 2, 'com.utils.shared.util.StringUtilTest')
                  data.setCell(41, 3, 2);
                  data.setCell(42, 0, 42)
                  data.setCell(42, 1, 'testDeCapitalizeWithUppercaseString')
                  data.setCell(42, 2, 'com.utils.shared.util.StringUtilTest')
                  data.setCell(42, 3, 2);
                  data.setCell(43, 0, 43)
                  data.setCell(43, 1, 'testWriteStringToFile_invalidFile')
                  data.setCell(43, 2, 'com.utils.shared.util.FileUtilTest')
                  data.setCell(43, 3, 2);
                  data.setCell(44, 0, 44)
                  data.setCell(44, 1, 'testIsBefore')
                  data.setCell(44, 2, 'com.utils.shared.util.DateUtilTest')
                  data.setCell(44, 3, 2);
                  data.setCell(45, 0, 45)
                  data.setCell(45, 1, 'testCapitalizeWithLowercaseCharacter')
                  data.setCell(45, 2, 'com.utils.shared.util.StringUtilTest')
                  data.setCell(45, 3, 2);
                  data.setCell(46, 0, 46)
                  data.setCell(46, 1, 'testToCharArrayWithNonEmptyString')
                  data.setCell(46, 2, 'com.utils.shared.util.StringUtilTest')
                  data.setCell(46, 3, 2);
                  data.setCell(47, 0, 47)
                  data.setCell(47, 1, 'testFromJson_NullJson_ReturnsNull')
                  data.setCell(47, 2, 'com.utils.shared.util.JsonUtilTest')
                  data.setCell(47, 3, 2);
                  data.setCell(48, 0, 48)
                  data.setCell(48, 1, 'testParseDate_InvalidFormat')
                  data.setCell(48, 2, 'com.utils.shared.util.DateUtilTest')
                  data.setCell(48, 3, 2);
                  data.setCell(49, 0, 49)
                  data.setCell(49, 1, 'testRemoveElement_ElementInArray_ReturnsArrayWithoutElement')
                  data.setCell(49, 2, 'com.utils.shared.util.ArrayUtilTest')
                  data.setCell(49, 3, 2);
                  data.setCell(50, 0, 50)
                  data.setCell(50, 1, 'testCountOccurrences_CaseInsensitive_ReturnsCorrectCount')
                  data.setCell(50, 2, 'com.utils.shared.util.StringUtilTest')
                  data.setCell(50, 3, 2);
                  data.setCell(51, 0, 51)
                  data.setCell(51, 1, 'testGetSubArray_ValidIndexes_ReturnsSubArray')
                  data.setCell(51, 2, 'com.utils.shared.util.ArrayUtilTest')
                  data.setCell(51, 3, 2);
                  data.setCell(52, 0, 52)
                  data.setCell(52, 1, 'testIndexOf_NullArray_ReturnsMinusOne')
                  data.setCell(52, 2, 'com.utils.shared.util.ArrayUtilTest')
                  data.setCell(52, 3, 2);
                  data.setCell(53, 0, 53)
                  data.setCell(53, 1, 'testGetDirectorySize_invalidDirectory')
                  data.setCell(53, 2, 'com.utils.shared.util.FileUtilTest')
                  data.setCell(53, 3, 2);
                  data.setCell(54, 0, 54)
                  data.setCell(54, 1, 'testContains_ElementNotInArray_ReturnsFalse')
                  data.setCell(54, 2, 'com.utils.shared.util.ArrayUtilTest')
                  data.setCell(54, 3, 2);
                  data.setCell(55, 0, 55)
                  data.setCell(55, 1, 'testFormatDate')
                  data.setCell(55, 2, 'com.utils.shared.util.DateUtilTest')
                  data.setCell(55, 3, 2);
                  data.setCell(56, 0, 56)
                  data.setCell(56, 1, 'testGetDifferenceInDays')
                  data.setCell(56, 2, 'com.utils.shared.util.DateUtilTest')
                  data.setCell(56, 3, 2);
                  data.setCell(57, 0, 57)
                  data.setCell(57, 1, 'testIsAfter_NotAfter')
                  data.setCell(57, 2, 'com.utils.shared.util.DateUtilTest')
                  data.setCell(57, 3, 2);
                  data.setCell(58, 0, 58)
                  data.setCell(58, 1, 'testCreateDirectoryStructure_invalidRoot')
                  data.setCell(58, 2, 'com.utils.shared.util.FileUtilTest')
                  data.setCell(58, 3, 2);
                  data.setCell(59, 0, 59)
                  data.setCell(59, 1, 'testAreEqualDates')
                  data.setCell(59, 2, 'com.utils.shared.util.DateUtilTest')
                  data.setCell(59, 3, 2);
                  data.setCell(60, 0, 60)
                  data.setCell(60, 1, 'testFromJson_JsonString_ReturnsStringObject')
                  data.setCell(60, 2, 'com.utils.shared.util.JsonUtilTest')
                  data.setCell(60, 3, 2);
                  data.setCell(61, 0, 61)
                  data.setCell(61, 1, 'testWriteStringToFile')
                  data.setCell(61, 2, 'com.utils.shared.util.FileUtilTest')
                  data.setCell(61, 3, 2);
                  data.setCell(62, 0, 62)
                  data.setCell(62, 1, 'testEquals')
                  data.setCell(62, 2, 'com.utils.shared.util.ObjectUtilTest')
                  data.setCell(62, 3, 1);
                  data.setCell(63, 0, 63)
                  data.setCell(63, 1, 'testTruncate_LongString_TruncatesAndAddsEllipsis')
                  data.setCell(63, 2, 'com.utils.shared.util.StringUtilTest')
                  data.setCell(63, 3, 1);
                  data.setCell(64, 0, 64)
                  data.setCell(64, 1, 'testDeCapitalizeWithEmptyString')
                  data.setCell(64, 2, 'com.utils.shared.util.StringUtilTest')
                  data.setCell(64, 3, 1);
                  data.setCell(65, 0, 65)
                  data.setCell(65, 1, 'testIsEmpty_NullArray_ReturnsTrue')
                  data.setCell(65, 2, 'com.utils.shared.util.ArrayUtilTest')
                  data.setCell(65, 3, 1);
                  data.setCell(66, 0, 66)
                  data.setCell(66, 1, 'testDeCapitalizeWithMultipleWords')
                  data.setCell(66, 2, 'com.utils.shared.util.StringUtilTest')
                  data.setCell(66, 3, 1);
                  data.setCell(67, 0, 67)
                  data.setCell(67, 1, 'testContains_NullArray_ReturnsFalse')
                  data.setCell(67, 2, 'com.utils.shared.util.ArrayUtilTest')
                  data.setCell(67, 3, 1);
                  data.setCell(68, 0, 68)
                  data.setCell(68, 1, 'testCountOccurrences_EmptyString_ReturnsZero')
                  data.setCell(68, 2, 'com.utils.shared.util.StringUtilTest')
                  data.setCell(68, 3, 1);
                  data.setCell(69, 0, 69)
                  data.setCell(69, 1, 'testToJson_NumberObject_ReturnsJsonNumber')
                  data.setCell(69, 2, 'com.utils.shared.util.JsonUtilTest')
                  data.setCell(69, 3, 1);
                  data.setCell(70, 0, 70)
                  data.setCell(70, 1, 'testAreEqualDates_DifferentDates')
                  data.setCell(70, 2, 'com.utils.shared.util.DateUtilTest')
                  data.setCell(70, 3, 1);
                  data.setCell(71, 0, 71)
                  data.setCell(71, 1, 'testIsNullOrEmpty_NullString_ReturnsTrue')
                  data.setCell(71, 2, 'com.utils.shared.util.StringUtilTest')
                  data.setCell(71, 3, 1);
                  data.setCell(72, 0, 72)
                  data.setCell(72, 1, 'testCast')
                  data.setCell(72, 2, 'com.utils.shared.util.ObjectUtilTest')
                  data.setCell(72, 3, 1);
                  data.setCell(73, 0, 73)
                  data.setCell(73, 1, 'testRemoveDuplicates_ArrayWithoutDuplicates_ReturnsSameArray')
                  data.setCell(73, 2, 'com.utils.shared.util.ArrayUtilTest')
                  data.setCell(73, 3, 1);
                  data.setCell(74, 0, 74)
                  data.setCell(74, 1, 'testIsNullOrEmpty_NonEmptyString_ReturnsFalse')
                  data.setCell(74, 2, 'com.utils.shared.util.StringUtilTest')
                  data.setCell(74, 3, 1);
                  data.setCell(75, 0, 75)
                  data.setCell(75, 1, 'testTruncate_EmptyString_ReturnsEmptyString')
                  data.setCell(75, 2, 'com.utils.shared.util.StringUtilTest')
                  data.setCell(75, 3, 1);
                  data.setCell(76, 0, 76)
                  data.setCell(76, 1, 'testIsPalindromeWithSingleCharString')
                  data.setCell(76, 2, 'com.utils.shared.util.StringUtilTest')
                  data.setCell(76, 3, 1);
                  data.setCell(77, 0, 77)
                  data.setCell(77, 1, 'testCountOccurrences_CaseSensitive_ReturnsCorrectCount')
                  data.setCell(77, 2, 'com.utils.shared.util.StringUtilTest')
                  data.setCell(77, 3, 1);
                  data.setCell(78, 0, 78)
                  data.setCell(78, 1, 'testCountOccurrences_NullSubstring_ReturnsZero')
                  data.setCell(78, 2, 'com.utils.shared.util.StringUtilTest')
                  data.setCell(78, 3, 1);
                  data.setCell(79, 0, 79)
                  data.setCell(79, 1, 'testRemoveDuplicates_NullArray_ReturnsNull')
                  data.setCell(79, 2, 'com.utils.shared.util.ArrayUtilTest')
                  data.setCell(79, 3, 1);
                  data.setCell(80, 0, 80)
                  data.setCell(80, 1, 'testDeCapitalizeWithUppercaseCharacter')
                  data.setCell(80, 2, 'com.utils.shared.util.StringUtilTest')
                  data.setCell(80, 3, 1);
                  data.setCell(81, 0, 81)
                  data.setCell(81, 1, 'testIsPalindromeWithNonPalindromeString')
                  data.setCell(81, 2, 'com.utils.shared.util.StringUtilTest')
                  data.setCell(81, 3, 1);
                  data.setCell(82, 0, 82)
                  data.setCell(82, 1, 'testIsNotNullOrEmpty_NullString_ReturnsFalse')
                  data.setCell(82, 2, 'com.utils.shared.util.StringUtilTest')
                  data.setCell(82, 3, 1);
                  data.setCell(83, 0, 83)
                  data.setCell(83, 1, 'testCapitalizeWithUppercaseString')
                  data.setCell(83, 2, 'com.utils.shared.util.StringUtilTest')
                  data.setCell(83, 3, 1);
                  data.setCell(84, 0, 84)
                  data.setCell(84, 1, 'testDeCapitalizeWithLowercaseString')
                  data.setCell(84, 2, 'com.utils.shared.util.StringUtilTest')
                  data.setCell(84, 3, 1);
                  data.setCell(85, 0, 85)
                  data.setCell(85, 1, 'testCapitalizeWithEmptyString')
                  data.setCell(85, 2, 'com.utils.shared.util.StringUtilTest')
                  data.setCell(85, 3, 1);
                  data.setCell(86, 0, 86)
                  data.setCell(86, 1, 'testIsNullOrEmpty_EmptyString_ReturnsTrue')
                  data.setCell(86, 2, 'com.utils.shared.util.StringUtilTest')
                  data.setCell(86, 3, 1);
                  data.setCell(87, 0, 87)
                  data.setCell(87, 1, 'testFindMax_NonEmptyArray_ReturnsMaxElement')
                  data.setCell(87, 2, 'com.utils.shared.util.ArrayUtilTest')
                  data.setCell(87, 3, 1);
                  data.setCell(88, 0, 88)
                  data.setCell(88, 1, 'testToJson_CollectionObject_ReturnsJsonArray')
                  data.setCell(88, 2, 'com.utils.shared.util.JsonUtilTest')
                  data.setCell(88, 3, 1);
                  data.setCell(89, 0, 89)
                  data.setCell(89, 1, 'testFindMax_EmptyArray_ReturnsNull')
                  data.setCell(89, 2, 'com.utils.shared.util.ArrayUtilTest')
                  data.setCell(89, 3, 1);
                  data.setCell(90, 0, 90)
                  data.setCell(90, 1, 'testIsPalindromeWithEmptyString')
                  data.setCell(90, 2, 'com.utils.shared.util.StringUtilTest')
                  data.setCell(90, 3, 1);
                  data.setCell(91, 0, 91)
                  data.setCell(91, 1, 'testTruncate_NullString_ReturnsNull')
                  data.setCell(91, 2, 'com.utils.shared.util.StringUtilTest')
                  data.setCell(91, 3, 1);
                  data.setCell(92, 0, 92)
                  data.setCell(92, 1, 'testReverse_EmptyString_ReturnsEmptyString')
                  data.setCell(92, 2, 'com.utils.shared.util.StringUtilTest')
                  data.setCell(92, 3, 1);
                  data.setCell(93, 0, 93)
                  data.setCell(93, 1, 'testGetSubArray_InvalidIndexes_ReturnsNull')
                  data.setCell(93, 2, 'com.utils.shared.util.ArrayUtilTest')
                  data.setCell(93, 3, 1);
                  data.setCell(94, 0, 94)
                  data.setCell(94, 1, 'testIndexOf_ElementInArray_ReturnsCorrectIndex')
                  data.setCell(94, 2, 'com.utils.shared.util.ArrayUtilTest')
                  data.setCell(94, 3, 1);
                  data.setCell(95, 0, 95)
                  data.setCell(95, 1, 'testIsEmpty_NonEmptyArray_ReturnsFalse')
                  data.setCell(95, 2, 'com.utils.shared.util.ArrayUtilTest')
                  data.setCell(95, 3, 1);
                  data.setCell(96, 0, 96)
                  data.setCell(96, 1, 'testParseDate_NullDate')
                  data.setCell(96, 2, 'com.utils.shared.util.DateUtilTest')
                  data.setCell(96, 3, 1);
                  data.setCell(97, 0, 97)
                  data.setCell(97, 1, 'testCompareObjects_Collections_Empty')
                  data.setCell(97, 2, 'com.utils.shared.unit.test.assertions.ObjectComparatorTest')
                  data.setCell(97, 3, 1);
                  data.setCell(98, 0, 98)
                  data.setCell(98, 1, 'testCapitalizeWithMultipleWords')
                  data.setCell(98, 2, 'com.utils.shared.util.StringUtilTest')
                  data.setCell(98, 3, 1);
                  data.setCell(99, 0, 99)
                  data.setCell(99, 1, 'testToJson_StringObject_ReturnsJsonString')
                  data.setCell(99, 2, 'com.utils.shared.util.JsonUtilTest')
                  data.setCell(99, 3, 1);
                  data.setCell(100, 0, 100)
                  data.setCell(100, 1, 'testToCharArrayWithEmptyString')
                  data.setCell(100, 2, 'com.utils.shared.util.StringUtilTest')
                  data.setCell(100, 3, 1);
                  data.setCell(101, 0, 101)
                  data.setCell(101, 1, 'testCountOccurrences_EmptySubstring_ReturnsZero')
                  data.setCell(101, 2, 'com.utils.shared.util.StringUtilTest')
                  data.setCell(101, 3, 1);
                  data.setCell(102, 0, 102)
                  data.setCell(102, 1, 'testMerge_NullArrayWithNonEmptyArray_ReturnsNonEmptyArray')
                  data.setCell(102, 2, 'com.utils.shared.util.ArrayUtilTest')
                  data.setCell(102, 3, 1);
                  data.setCell(103, 0, 103)
                  data.setCell(103, 1, 'testIsNotNullOrEmpty_EmptyString_ReturnsFalse')
                  data.setCell(103, 2, 'com.utils.shared.util.StringUtilTest')
                  data.setCell(103, 3, 1);
                  data.setCell(104, 0, 104)
                  data.setCell(104, 1, 'testCapitalizeWithLowercaseString')
                  data.setCell(104, 2, 'com.utils.shared.util.StringUtilTest')
                  data.setCell(104, 3, 1);
                  data.setCell(105, 0, 105)
                  data.setCell(105, 1, 'testMerge_TwoNonEmptyArrays_ReturnsMergedArray')
                  data.setCell(105, 2, 'com.utils.shared.util.ArrayUtilTest')
                  data.setCell(105, 3, 1);
                  data.setCell(106, 0, 106)
                  data.setCell(106, 1, 'testFormatDate_NullDate')
                  data.setCell(106, 2, 'com.utils.shared.util.DateUtilTest')
                  data.setCell(106, 3, 1);
                  data.setCell(107, 0, 107)
                  data.setCell(107, 1, 'testReadFileAsString_invalidFile')
                  data.setCell(107, 2, 'com.utils.shared.util.FileUtilTest')
                  data.setCell(107, 3, 1);
                  data.setCell(108, 0, 108)
                  data.setCell(108, 1, 'testIsBefore_NotBefore')
                  data.setCell(108, 2, 'com.utils.shared.util.DateUtilTest')
                  data.setCell(108, 3, 1);
                  data.setCell(109, 0, 109)
                  data.setCell(109, 1, 'testGetSubArray_NullArray_ReturnsNull')
                  data.setCell(109, 2, 'com.utils.shared.util.ArrayUtilTest')
                  data.setCell(109, 3, 1);
                  data.setCell(110, 0, 110)
                  data.setCell(110, 1, 'testMerge_NonEmptyArrayWithNullArray_ReturnsNonEmptyArray')
                  data.setCell(110, 2, 'com.utils.shared.util.ArrayUtilTest')
                  data.setCell(110, 3, 1);
                  data.setCell(111, 0, 111)
                  data.setCell(111, 1, 'testToJson_NullObject_ReturnsNull')
                  data.setCell(111, 2, 'com.utils.shared.util.JsonUtilTest')
                  data.setCell(111, 3, 1);
                  data.setCell(112, 0, 112)
                  data.setCell(112, 1, 'testEscape')
                  data.setCell(112, 2, 'com.utils.shared.util.StringUtilTest')
                  data.setCell(112, 3, 1);
                  data.setCell(113, 0, 113)
                  data.setCell(113, 1, 'testToJson_MapObject_ReturnsJsonObject')
                  data.setCell(113, 2, 'com.utils.shared.util.JsonUtilTest')
                  data.setCell(113, 3, 1);
                  data.setCell(114, 0, 114)
                  data.setCell(114, 1, 'testGetDirectorySize')
                  data.setCell(114, 2, 'com.utils.shared.util.FileUtilTest')
                  data.setCell(114, 3, 1);
                  data.setCell(115, 0, 115)
                  data.setCell(115, 1, 'testFromJson_JsonBoolean_ReturnsBooleanObject')
                  data.setCell(115, 2, 'com.utils.shared.util.JsonUtilTest')
                  data.setCell(115, 3, 1);
                  data.setCell(116, 0, 116)
                  data.setCell(116, 1, 'testListFilesInDirectory')
                  data.setCell(116, 2, 'com.utils.shared.util.FileUtilTest')
                  data.setCell(116, 3, 1);
                  data.setCell(117, 0, 117)
                  data.setCell(117, 1, 'testFindFilesByExtension')
                  data.setCell(117, 2, 'com.utils.shared.util.FileUtilTest')
                  data.setCell(117, 3, 1);
                  data.setCell(118, 0, 118)
                  data.setCell(118, 1, 'testFromJson_JsonNumber_ReturnsNumberObject')
                  data.setCell(118, 2, 'com.utils.shared.util.JsonUtilTest')
                  data.setCell(118, 3, 1);
                  data.setCell(119, 0, 119)
                  data.setCell(119, 1, 'testIsNotNull')
                  data.setCell(119, 2, 'com.utils.shared.util.ObjectUtilTest')
                  data.setCell(119, 3, 0);
                  data.setCell(120, 0, 120)
                  data.setCell(120, 1, 'testCountOccurrences_NullString_ReturnsZero')
                  data.setCell(120, 2, 'com.utils.shared.util.StringUtilTest')
                  data.setCell(120, 3, 0);
                  data.setCell(121, 0, 121)
                  data.setCell(121, 1, 'testIsNull')
                  data.setCell(121, 2, 'com.utils.shared.util.ObjectUtilTest')
                  data.setCell(121, 3, 0);
                  data.setCell(122, 0, 122)
                  data.setCell(122, 1, 'testIsNotNullOrEmpty_NonEmptyString_ReturnsTrue')
                  data.setCell(122, 2, 'com.utils.shared.util.StringUtilTest')
                  data.setCell(122, 3, 0);
                  data.setCell(123, 0, 123)
                  data.setCell(123, 1, 'testIsEmpty_EmptyArray_ReturnsTrue')
                  data.setCell(123, 2, 'com.utils.shared.util.ArrayUtilTest')
                  data.setCell(123, 3, 0);
                  data.setCell(124, 0, 124)
                  data.setCell(124, 1, 'testReverse_NormalString_ReturnsReversedString')
                  data.setCell(124, 2, 'com.utils.shared.util.StringUtilTest')
                  data.setCell(124, 3, 0);
                  data.setCell(125, 0, 125)
                  data.setCell(125, 1, 'testRemoveDuplicates_ArrayWithDuplicates_ReturnsArrayWithoutDuplicates')
                  data.setCell(125, 2, 'com.utils.shared.util.ArrayUtilTest')
                  data.setCell(125, 3, 0);
                  data.setCell(126, 0, 126)
                  data.setCell(126, 1, 'testFindMax_NullArray_ReturnsNull')
                  data.setCell(126, 2, 'com.utils.shared.util.ArrayUtilTest')
                  data.setCell(126, 3, 0);
                  data.setCell(127, 0, 127)
                  data.setCell(127, 1, 'testReverse_NullString_ReturnsNull')
                  data.setCell(127, 2, 'com.utils.shared.util.StringUtilTest')
                  data.setCell(127, 3, 0);
                  data.setCell(128, 0, 128)
                  data.setCell(128, 1, 'testIndexOf_ElementNotInArray_ReturnsMinusOne')
                  data.setCell(128, 2, 'com.utils.shared.util.ArrayUtilTest')
                  data.setCell(128, 3, 0);
                  data.setCell(129, 0, 129)
                  data.setCell(129, 1, 'testMerge_NullArrays_ReturnsNull')
                  data.setCell(129, 2, 'com.utils.shared.util.ArrayUtilTest')
                  data.setCell(129, 3, 0);
                  window.suiteTableData['Default_suite']= { tableData: data, tableDiv: 'times-div-Default_suite'}
                  return data;
                  }
              </script>
              <span class="suite-total-time">Total running time: 463 ms</span>
              <div id="times-div-Default_suite">
              </div> <!-- times-div-Default_suite -->
            </div> <!-- times-div -->
          </div> <!-- main-panel-content rounded-window-bottom -->
        </div> <!-- panel -->
        <div panel-name="reporter-Default_suite" class="panel">
          <div class="main-panel-header rounded-window-top">
            <span class="header-content">Reporter output for Default suite</span>
          </div> <!-- main-panel-header rounded-window-top -->
          <div class="main-panel-content rounded-window-bottom">
          </div> <!-- main-panel-content rounded-window-bottom -->
        </div> <!-- panel -->
        <div panel-name="ignored-methods-Default_suite" class="panel">
          <div class="main-panel-header rounded-window-top">
            <span class="header-content">0 ignored methods</span>
          </div> <!-- main-panel-header rounded-window-top -->
          <div class="main-panel-content rounded-window-bottom">
          </div> <!-- main-panel-content rounded-window-bottom -->
        </div> <!-- panel -->
        <div panel-name="chronological-Default_suite" class="panel">
          <div class="main-panel-header rounded-window-top">
            <span class="header-content">Methods in chronological order</span>
          </div> <!-- main-panel-header rounded-window-top -->
          <div class="main-panel-content rounded-window-bottom">
            <div class="chronological-class">
              <div class="chronological-class-name">com.utils.shared.unit.test.assertions.ObjectComparatorTest</div> <!-- chronological-class-name -->
              <div class="test-method">
                <span class="method-name">testCompareObjects</span>
                <span class="method-start">0 ms</span>
              </div> <!-- test-method -->
              <div class="test-method">
                <span class="method-name">testCompareObjects_Collections</span>
                <span class="method-start">17 ms</span>
              </div> <!-- test-method -->
              <div class="test-method">
                <span class="method-name">testCompareObjects_Collections_DifferentElements</span>
                <span class="method-start">23 ms</span>
              </div> <!-- test-method -->
              <div class="test-method">
                <span class="method-name">testCompareObjects_Collections_DifferentSizes</span>
                <span class="method-start">40 ms</span>
              </div> <!-- test-method -->
              <div class="test-method">
                <span class="method-name">testCompareObjects_Collections_Empty</span>
                <span class="method-start">46 ms</span>
              </div> <!-- test-method -->
              <div class="test-method">
                <span class="method-name">testCompareObjects_Collections_Null</span>
                <span class="method-start">49 ms</span>
              </div> <!-- test-method -->
              <div class="test-method">
                <span class="method-name">testCompareObjects_ComplexObjects</span>
                <span class="method-start">54 ms</span>
              </div> <!-- test-method -->
              <div class="test-method">
                <span class="method-name">testCompareObjects_ComplexObjects_DifferentFields</span>
                <span class="method-start">75 ms</span>
              </div> <!-- test-method -->
              <div class="test-method">
                <span class="method-name">testCompareObjects_ComplexObjects_Null</span>
                <span class="method-start">80 ms</span>
              </div> <!-- test-method -->
              <div class="test-method">
                <span class="method-name">testCompareObjects_DifferentTypes</span>
                <span class="method-start">85 ms</span>
              </div> <!-- test-method -->
              <div class="test-method">
                <span class="method-name">testCompareObjects_ImmutableType</span>
                <span class="method-start">91 ms</span>
              </div> <!-- test-method -->
              <div class="test-method">
                <span class="method-name">testCompareObjects_ImmutableType_NotEqual</span>
                <span class="method-start">96 ms</span>
              </div> <!-- test-method -->
              <div class="test-method">
                <span class="method-name">testCompareObjects_Null</span>
                <span class="method-start">102 ms</span>
              </div> <!-- test-method -->
            </div> <!-- chronological-class -->
            <div class="chronological-class">
              <div class="chronological-class-name">com.utils.shared.unit.test.data.PopulatorTest</div> <!-- chronological-class-name -->
              <div class="test-method">
                <span class="method-name">testPopulate_shouldPopulateWithOption</span>
                <span class="method-start">117 ms</span>
              </div> <!-- test-method -->
              <div class="test-method">
                <span class="method-name">testPopulate_shouldPopulateWithoutOption</span>
                <span class="method-start">162 ms</span>
              </div> <!-- test-method -->
            </div> <!-- chronological-class -->
            <div class="chronological-class">
              <div class="chronological-class-name">com.utils.shared.util.FileUtilTest</div> <!-- chronological-class-name -->
              <div class="test-method">
                <img src="failed.png">
                </img>
                <span class="method-name">testCreateDirectoryStructure</span>
                <span class="method-start">169 ms</span>
              </div> <!-- test-method -->
              <div class="test-method">
                <span class="method-name">testCreateDirectoryStructure_invalidRoot</span>
                <span class="method-start">189 ms</span>
              </div> <!-- test-method -->
              <div class="test-method">
                <img src="failed.png">
                </img>
                <span class="method-name">testFindFilesByExtension</span>
                <span class="method-start">193 ms</span>
              </div> <!-- test-method -->
              <div class="test-method">
                <img src="failed.png">
                </img>
                <span class="method-name">testGetDirectorySize</span>
                <span class="method-start">196 ms</span>
              </div> <!-- test-method -->
              <div class="test-method">
                <span class="method-name">testGetDirectorySize_invalidDirectory</span>
                <span class="method-start">200 ms</span>
              </div> <!-- test-method -->
              <div class="test-method">
                <img src="failed.png">
                </img>
                <span class="method-name">testListFilesInDirectory</span>
                <span class="method-start">204 ms</span>
              </div> <!-- test-method -->
              <div class="test-method">
                <img src="failed.png">
                </img>
                <span class="method-name">testReadFileAsString</span>
                <span class="method-start">209 ms</span>
              </div> <!-- test-method -->
              <div class="test-method">
                <span class="method-name">testReadFileAsString_invalidFile</span>
                <span class="method-start">219 ms</span>
              </div> <!-- test-method -->
              <div class="test-method">
                <img src="failed.png">
                </img>
                <span class="method-name">testWriteStringToFile</span>
                <span class="method-start">225 ms</span>
              </div> <!-- test-method -->
              <div class="test-method">
                <span class="method-name">testWriteStringToFile_invalidFile</span>
                <span class="method-start">232 ms</span>
              </div> <!-- test-method -->
            </div> <!-- chronological-class -->
            <div class="chronological-class">
              <div class="chronological-class-name">com.utils.shared.util.JsonUtilTest</div> <!-- chronological-class-name -->
              <div class="test-method">
                <img src="failed.png">
                </img>
                <span class="method-name">testFromJson_InvalidJson_ReturnsNull</span>
                <span class="method-start">241 ms</span>
              </div> <!-- test-method -->
              <div class="test-method">
                <img src="failed.png">
                </img>
                <span class="method-name">testFromJson_JsonArray_ReturnsArrayObject</span>
                <span class="method-start">255 ms</span>
              </div> <!-- test-method -->
              <div class="test-method">
                <img src="failed.png">
                </img>
                <span class="method-name">testFromJson_JsonBoolean_ReturnsBooleanObject</span>
                <span class="method-start">319 ms</span>
              </div> <!-- test-method -->
              <div class="test-method">
                <img src="failed.png">
                </img>
                <span class="method-name">testFromJson_JsonCollection_ReturnsCollectionObject</span>
                <span class="method-start">323 ms</span>
              </div> <!-- test-method -->
              <div class="test-method">
                <img src="failed.png">
                </img>
                <span class="method-name">testFromJson_JsonNumber_ReturnsNumberObject</span>
                <span class="method-start">329 ms</span>
              </div> <!-- test-method -->
              <div class="test-method">
                <img src="failed.png">
                </img>
                <span class="method-name">testFromJson_JsonObject_ReturnsMapObject</span>
                <span class="method-start">332 ms</span>
              </div> <!-- test-method -->
              <div class="test-method">
                <img src="failed.png">
                </img>
                <span class="method-name">testFromJson_JsonString_ReturnsStringObject</span>
                <span class="method-start">339 ms</span>
              </div> <!-- test-method -->
              <div class="test-method">
                <span class="method-name">testFromJson_NullJson_ReturnsNull</span>
                <span class="method-start">348 ms</span>
              </div> <!-- test-method -->
              <div class="test-method">
                <span class="method-name">testToJson_ArrayObject_ReturnsJsonArray</span>
                <span class="method-start">352 ms</span>
              </div> <!-- test-method -->
              <div class="test-method">
                <span class="method-name">testToJson_BooleanObject_ReturnsJsonBoolean</span>
                <span class="method-start">356 ms</span>
              </div> <!-- test-method -->
              <div class="test-method">
                <span class="method-name">testToJson_CollectionObject_ReturnsJsonArray</span>
                <span class="method-start">360 ms</span>
              </div> <!-- test-method -->
              <div class="test-method">
                <span class="method-name">testToJson_MapObject_ReturnsJsonObject</span>
                <span class="method-start">368 ms</span>
              </div> <!-- test-method -->
              <div class="test-method">
                <span class="method-name">testToJson_NullObject_ReturnsNull</span>
                <span class="method-start">370 ms</span>
              </div> <!-- test-method -->
              <div class="test-method">
                <span class="method-name">testToJson_NumberObject_ReturnsJsonNumber</span>
                <span class="method-start">373 ms</span>
              </div> <!-- test-method -->
              <div class="test-method">
                <span class="method-name">testToJson_StringObject_ReturnsJsonString</span>
                <span class="method-start">375 ms</span>
              </div> <!-- test-method -->
            </div> <!-- chronological-class -->
            <div class="chronological-class">
              <div class="chronological-class-name">com.utils.shared.util.DateUtilTest</div> <!-- chronological-class-name -->
              <div class="test-method">
                <span class="method-name">testAddDays</span>
                <span class="method-start">378 ms</span>
              </div> <!-- test-method -->
              <div class="test-method">
                <span class="method-name">testAreEqualDates</span>
                <span class="method-start">414 ms</span>
              </div> <!-- test-method -->
              <div class="test-method">
                <span class="method-name">testAreEqualDates_DifferentDates</span>
                <span class="method-start">418 ms</span>
              </div> <!-- test-method -->
              <div class="test-method">
                <span class="method-name">testCalculateAge</span>
                <span class="method-start">420 ms</span>
              </div> <!-- test-method -->
              <div class="test-method">
                <span class="method-name">testFormatDate</span>
                <span class="method-start">424 ms</span>
              </div> <!-- test-method -->
              <div class="test-method">
                <span class="method-name">testFormatDate_NullDate</span>
                <span class="method-start">427 ms</span>
              </div> <!-- test-method -->
              <div class="test-method">
                <span class="method-name">testGetDifferenceInDays</span>
                <span class="method-start">429 ms</span>
              </div> <!-- test-method -->
              <div class="test-method">
                <span class="method-name">testIsAfter</span>
                <span class="method-start">434 ms</span>
              </div> <!-- test-method -->
              <div class="test-method">
                <span class="method-name">testIsAfter_NotAfter</span>
                <span class="method-start">438 ms</span>
              </div> <!-- test-method -->
              <div class="test-method">
                <span class="method-name">testIsBefore</span>
                <span class="method-start">442 ms</span>
              </div> <!-- test-method -->
              <div class="test-method">
                <span class="method-name">testIsBefore_NotBefore</span>
                <span class="method-start">446 ms</span>
              </div> <!-- test-method -->
              <div class="test-method">
                <span class="method-name">testParseDate</span>
                <span class="method-start">448 ms</span>
              </div> <!-- test-method -->
              <div class="test-method">
                <span class="method-name">testParseDate_InvalidFormat</span>
                <span class="method-start">453 ms</span>
              </div> <!-- test-method -->
              <div class="test-method">
                <span class="method-name">testParseDate_NullDate</span>
                <span class="method-start">456 ms</span>
              </div> <!-- test-method -->
            </div> <!-- chronological-class -->
            <div class="chronological-class">
              <div class="chronological-class-name">com.utils.shared.util.ObjectUtilTest</div> <!-- chronological-class-name -->
              <div class="test-method">
                <span class="method-name">testCast</span>
                <span class="method-start">458 ms</span>
              </div> <!-- test-method -->
              <div class="test-method">
                <span class="method-name">testDeepCopy</span>
                <span class="method-start">460 ms</span>
              </div> <!-- test-method -->
              <div class="test-method">
                <span class="method-name">testEquals</span>
                <span class="method-start">484 ms</span>
              </div> <!-- test-method -->
              <div class="test-method">
                <span class="method-name">testIsNotNull</span>
                <span class="method-start">487 ms</span>
              </div> <!-- test-method -->
              <div class="test-method">
                <span class="method-name">testIsNull</span>
                <span class="method-start">489 ms</span>
              </div> <!-- test-method -->
            </div> <!-- chronological-class -->
            <div class="chronological-class">
              <div class="chronological-class-name">com.utils.shared.util.StringUtilTest</div> <!-- chronological-class-name -->
              <div class="test-method">
                <span class="method-name">testCapitalizeWithEmptyString</span>
                <span class="method-start">493 ms</span>
              </div> <!-- test-method -->
              <div class="test-method">
                <span class="method-name">testCapitalizeWithLowercaseCharacter</span>
                <span class="method-start">497 ms</span>
              </div> <!-- test-method -->
              <div class="test-method">
                <span class="method-name">testCapitalizeWithLowercaseString</span>
                <span class="method-start">501 ms</span>
              </div> <!-- test-method -->
              <div class="test-method">
                <span class="method-name">testCapitalizeWithMultipleWords</span>
                <span class="method-start">505 ms</span>
              </div> <!-- test-method -->
              <div class="test-method">
                <span class="method-name">testCapitalizeWithUppercaseString</span>
                <span class="method-start">510 ms</span>
              </div> <!-- test-method -->
              <div class="test-method">
                <span class="method-name">testCountOccurrences_CaseInsensitive_ReturnsCorrectCount</span>
                <span class="method-start">514 ms</span>
              </div> <!-- test-method -->
              <div class="test-method">
                <span class="method-name">testCountOccurrences_CaseSensitive_ReturnsCorrectCount</span>
                <span class="method-start">518 ms</span>
              </div> <!-- test-method -->
              <div class="test-method">
                <span class="method-name">testCountOccurrences_EmptyString_ReturnsZero</span>
                <span class="method-start">520 ms</span>
              </div> <!-- test-method -->
              <div class="test-method">
                <span class="method-name">testCountOccurrences_EmptySubstring_ReturnsZero</span>
                <span class="method-start">523 ms</span>
              </div> <!-- test-method -->
              <div class="test-method">
                <span class="method-name">testCountOccurrences_NullString_ReturnsZero</span>
                <span class="method-start">525 ms</span>
              </div> <!-- test-method -->
              <div class="test-method">
                <span class="method-name">testCountOccurrences_NullSubstring_ReturnsZero</span>
                <span class="method-start">527 ms</span>
              </div> <!-- test-method -->
              <div class="test-method">
                <span class="method-name">testDeCapitalizeWithEmptyString</span>
                <span class="method-start">529 ms</span>
              </div> <!-- test-method -->
              <div class="test-method">
                <span class="method-name">testDeCapitalizeWithLowercaseString</span>
                <span class="method-start">531 ms</span>
              </div> <!-- test-method -->
              <div class="test-method">
                <span class="method-name">testDeCapitalizeWithMultipleWords</span>
                <span class="method-start">533 ms</span>
              </div> <!-- test-method -->
              <div class="test-method">
                <span class="method-name">testDeCapitalizeWithUppercaseCharacter</span>
                <span class="method-start">536 ms</span>
              </div> <!-- test-method -->
              <div class="test-method">
                <span class="method-name">testDeCapitalizeWithUppercaseString</span>
                <span class="method-start">538 ms</span>
              </div> <!-- test-method -->
              <div class="test-method">
                <span class="method-name">testEscape</span>
                <span class="method-start">541 ms</span>
              </div> <!-- test-method -->
              <div class="test-method">
                <span class="method-name">testIsNotNullOrEmpty_EmptyString_ReturnsFalse</span>
                <span class="method-start">542 ms</span>
              </div> <!-- test-method -->
              <div class="test-method">
                <span class="method-name">testIsNotNullOrEmpty_NonEmptyString_ReturnsTrue</span>
                <span class="method-start">545 ms</span>
              </div> <!-- test-method -->
              <div class="test-method">
                <span class="method-name">testIsNotNullOrEmpty_NullString_ReturnsFalse</span>
                <span class="method-start">546 ms</span>
              </div> <!-- test-method -->
              <div class="test-method">
                <span class="method-name">testIsNullOrEmpty_EmptyString_ReturnsTrue</span>
                <span class="method-start">547 ms</span>
              </div> <!-- test-method -->
              <div class="test-method">
                <span class="method-name">testIsNullOrEmpty_NonEmptyString_ReturnsFalse</span>
                <span class="method-start">549 ms</span>
              </div> <!-- test-method -->
              <div class="test-method">
                <span class="method-name">testIsNullOrEmpty_NullString_ReturnsTrue</span>
                <span class="method-start">552 ms</span>
              </div> <!-- test-method -->
              <div class="test-method">
                <span class="method-name">testIsPalindromeWithEmptyString</span>
                <span class="method-start">554 ms</span>
              </div> <!-- test-method -->
              <div class="test-method">
                <span class="method-name">testIsPalindromeWithNonPalindromeString</span>
                <span class="method-start">556 ms</span>
              </div> <!-- test-method -->
              <div class="test-method">
                <span class="method-name">testIsPalindromeWithPalindromeString</span>
                <span class="method-start">558 ms</span>
              </div> <!-- test-method -->
              <div class="test-method">
                <span class="method-name">testIsPalindromeWithSingleCharString</span>
                <span class="method-start">561 ms</span>
              </div> <!-- test-method -->
              <div class="test-method">
                <span class="method-name">testReverse_EmptyString_ReturnsEmptyString</span>
                <span class="method-start">563 ms</span>
              </div> <!-- test-method -->
              <div class="test-method">
                <span class="method-name">testReverse_NormalString_ReturnsReversedString</span>
                <span class="method-start">565 ms</span>
              </div> <!-- test-method -->
              <div class="test-method">
                <span class="method-name">testReverse_NullString_ReturnsNull</span>
                <span class="method-start">566 ms</span>
              </div> <!-- test-method -->
              <div class="test-method">
                <span class="method-name">testToCharArrayWithEmptyString</span>
                <span class="method-start">568 ms</span>
              </div> <!-- test-method -->
              <div class="test-method">
                <span class="method-name">testToCharArrayWithNonEmptyString</span>
                <span class="method-start">571 ms</span>
              </div> <!-- test-method -->
              <div class="test-method">
                <span class="method-name">testTruncate_EmptyString_ReturnsEmptyString</span>
                <span class="method-start">574 ms</span>
              </div> <!-- test-method -->
              <div class="test-method">
                <span class="method-name">testTruncate_LongString_TruncatesAndAddsEllipsis</span>
                <span class="method-start">576 ms</span>
              </div> <!-- test-method -->
              <div class="test-method">
                <span class="method-name">testTruncate_NullString_ReturnsNull</span>
                <span class="method-start">579 ms</span>
              </div> <!-- test-method -->
            </div> <!-- chronological-class -->
            <div class="chronological-class">
              <div class="chronological-class-name">com.utils.shared.util.ArrayUtilTest</div> <!-- chronological-class-name -->
              <div class="test-method">
                <span class="method-name">testContains_ElementInArray_ReturnsTrue</span>
                <span class="method-start">584 ms</span>
              </div> <!-- test-method -->
              <div class="test-method">
                <span class="method-name">testContains_ElementNotInArray_ReturnsFalse</span>
                <span class="method-start">592 ms</span>
              </div> <!-- test-method -->
              <div class="test-method">
                <span class="method-name">testContains_NullArray_ReturnsFalse</span>
                <span class="method-start">596 ms</span>
              </div> <!-- test-method -->
              <div class="test-method">
                <span class="method-name">testFindMax_EmptyArray_ReturnsNull</span>
                <span class="method-start">598 ms</span>
              </div> <!-- test-method -->
              <div class="test-method">
                <span class="method-name">testFindMax_NonEmptyArray_ReturnsMaxElement</span>
                <span class="method-start">601 ms</span>
              </div> <!-- test-method -->
              <div class="test-method">
                <span class="method-name">testFindMax_NullArray_ReturnsNull</span>
                <span class="method-start">603 ms</span>
              </div> <!-- test-method -->
              <div class="test-method">
                <span class="method-name">testGetSubArray_InvalidIndexes_ReturnsNull</span>
                <span class="method-start">605 ms</span>
              </div> <!-- test-method -->
              <div class="test-method">
                <span class="method-name">testGetSubArray_NullArray_ReturnsNull</span>
                <span class="method-start">609 ms</span>
              </div> <!-- test-method -->
              <div class="test-method">
                <span class="method-name">testGetSubArray_ValidIndexes_ReturnsSubArray</span>
                <span class="method-start">612 ms</span>
              </div> <!-- test-method -->
              <div class="test-method">
                <span class="method-name">testIndexOf_ElementInArray_ReturnsCorrectIndex</span>
                <span class="method-start">615 ms</span>
              </div> <!-- test-method -->
              <div class="test-method">
                <span class="method-name">testIndexOf_ElementNotInArray_ReturnsMinusOne</span>
                <span class="method-start">618 ms</span>
              </div> <!-- test-method -->
              <div class="test-method">
                <span class="method-name">testIndexOf_NullArray_ReturnsMinusOne</span>
                <span class="method-start">619 ms</span>
              </div> <!-- test-method -->
              <div class="test-method">
                <span class="method-name">testIsEmpty_EmptyArray_ReturnsTrue</span>
                <span class="method-start">623 ms</span>
              </div> <!-- test-method -->
              <div class="test-method">
                <span class="method-name">testIsEmpty_NonEmptyArray_ReturnsFalse</span>
                <span class="method-start">624 ms</span>
              </div> <!-- test-method -->
              <div class="test-method">
                <span class="method-name">testIsEmpty_NullArray_ReturnsTrue</span>
                <span class="method-start">625 ms</span>
              </div> <!-- test-method -->
              <div class="test-method">
                <span class="method-name">testMerge_NonEmptyArrayWithNullArray_ReturnsNonEmptyArray</span>
                <span class="method-start">628 ms</span>
              </div> <!-- test-method -->
              <div class="test-method">
                <span class="method-name">testMerge_NullArrayWithNonEmptyArray_ReturnsNonEmptyArray</span>
                <span class="method-start">630 ms</span>
              </div> <!-- test-method -->
              <div class="test-method">
                <span class="method-name">testMerge_NullArrays_ReturnsNull</span>
                <span class="method-start">632 ms</span>
              </div> <!-- test-method -->
              <div class="test-method">
                <span class="method-name">testMerge_TwoNonEmptyArrays_ReturnsMergedArray</span>
                <span class="method-start">633 ms</span>
              </div> <!-- test-method -->
              <div class="test-method">
                <span class="method-name">testRemoveDuplicates_ArrayWithDuplicates_ReturnsArrayWithoutDuplicates</span>
                <span class="method-start">634 ms</span>
              </div> <!-- test-method -->
              <div class="test-method">
                <span class="method-name">testRemoveDuplicates_ArrayWithoutDuplicates_ReturnsSameArray</span>
                <span class="method-start">635 ms</span>
              </div> <!-- test-method -->
              <div class="test-method">
                <span class="method-name">testRemoveDuplicates_NullArray_ReturnsNull</span>
                <span class="method-start">637 ms</span>
              </div> <!-- test-method -->
              <div class="test-method">
                <span class="method-name">testRemoveElement_ElementInArray_ReturnsArrayWithoutElement</span>
                <span class="method-start">639 ms</span>
              </div> <!-- test-method -->
              <div class="test-method">
                <span class="method-name">testRemoveElement_ElementNotInArray_ReturnsSameArray</span>
                <span class="method-start">646 ms</span>
              </div> <!-- test-method -->
              <div class="test-method">
                <span class="method-name">testRemoveElement_NullArray_ReturnsNull</span>
                <span class="method-start">660 ms</span>
              </div> <!-- test-method -->
              <div class="test-method">
                <span class="method-name">testReverse_NonEmptyArray_ReturnsReversedArray</span>
                <span class="method-start">669 ms</span>
              </div> <!-- test-method -->
              <div class="test-method">
                <span class="method-name">testReverse_NullArray_ReturnsNull</span>
                <span class="method-start">682 ms</span>
              </div> <!-- test-method -->
              <div class="test-method">
                <span class="method-name">testSort_EmptyArray_ReturnsEmptyArray</span>
                <span class="method-start">690 ms</span>
              </div> <!-- test-method -->
              <div class="test-method">
                <span class="method-name">testSort_NonEmptyArray_ReturnsSortedArray</span>
                <span class="method-start">701 ms</span>
              </div> <!-- test-method -->
              <div class="test-method">
                <span class="method-name">testSort_NullArray_ReturnsNull</span>
                <span class="method-start">716 ms</span>
              </div> <!-- test-method -->
            </div> <!-- chronological-class -->
            <div class="chronological-class">
              <div class="chronological-class-name">com.utils.shared.util.ReflectionUtilTest</div> <!-- chronological-class-name -->
              <div class="test-method">
                <span class="method-name">testCreateInstance</span>
                <span class="method-start">734 ms</span>
              </div> <!-- test-method -->
              <div class="test-method">
                <span class="method-name">testCreateInstance_privateClass_cannotCreateInstance</span>
                <span class="method-start">748 ms</span>
              </div> <!-- test-method -->
              <div class="test-method">
                <span class="method-name">testSetFieldValue_booleanField_setsBooleanValue</span>
                <span class="method-start">768 ms</span>
              </div> <!-- test-method -->
              <div class="test-method">
                <span class="method-name">testSetFieldValue_intField_setsIntValue</span>
                <span class="method-start">779 ms</span>
              </div> <!-- test-method -->
              <div class="test-method">
                <span class="method-name">testSetFieldValue_nonExistingField_throwsReflectionException</span>
                <span class="method-start">789 ms</span>
              </div> <!-- test-method -->
              <div class="test-method">
                <span class="method-name">testSetFieldValue_stringField_setsStringValue</span>
                <span class="method-start">807 ms</span>
              </div> <!-- test-method -->
          </div> <!-- main-panel-content rounded-window-bottom -->
        </div> <!-- panel -->
      </div> <!-- main-panel-root -->
    </div> <!-- wrapper -->
  </body>
<script type="text/javascript" src="testng-reports2.js"></script>
</html>
